2019-11-21 08:53:09 INFO::Initializing logger...
2019-11-21 08:53:09 INFO::Welcome to Dream.TK v0.8
2019-11-21 08:53:09 INFO::Running on 21-11-2019 08:53:09
2019-11-21 08:53:09 INFO::-------------------------------------------------
2019-11-21 08:53:09 INFO::Starting function imports...
2019-11-21 08:53:09 DEBUG::Imported ./www/busyIndicator.R
2019-11-21 08:53:09 DEBUG::Imported ./scripts/io_import_dreamtk/class_Database_MySQL.R
2019-11-21 08:53:09 DEBUG::Imported ./scripts/io_import_dreamtk/class_dataimporter_dreamtk.R
2019-11-21 08:53:09 DEBUG::Imported ./scripts/io_import_dreamtk/class_dataimporter_dreamtk_basicData.R
2019-11-21 08:53:09 DEBUG::Imported ./scripts/io_import_dreamtk/class_dataimporter_dreamtk_css3compss.R
2019-11-21 08:53:09 DEBUG::Imported ./scripts/io_import_dreamtk/class_dataimporter_dreamtk_fubpolynomial.R
2019-11-21 08:53:09 DEBUG::Imported ./scripts/io_import_dreamtk/class_dataimporter_dreamtk_fubpoulinhaddad2012.R
2019-11-21 08:53:09 DEBUG::Imported ./scripts/io_import_dreamtk/class_dataparser_dreamtk.R
2019-11-21 08:53:09 DEBUG::Imported ./scripts/io_import_dreamtk/killMySQLDBConnections.R
2019-11-21 08:53:09 DEBUG::Imported ./scripts/model/class_local_model.R
2019-11-21 08:53:09 DEBUG::Imported ./scripts/model/class_localmodel_css3compss.R
2019-11-21 08:53:09 DEBUG::Imported ./scripts/model/class_localmodel_fubpolynomial.R
2019-11-21 08:53:09 DEBUG::Imported ./scripts/model/class_localmodel_oed1storder.R
2019-11-21 08:53:09 DEBUG::Imported ./scripts/chemical_manager/class_chemical.R
2019-11-21 08:53:09 DEBUG::Imported ./scripts/chemical_manager/class_chemical_manager.R
2019-11-21 08:53:09 DEBUG::Imported ./scripts/chemical_manager/printFunctions.R
2019-11-21 08:53:09 DEBUG::Imported ./scripts/analysis/#class_analysis_BERAnalysis.r_backup20191120_broken
2019-11-21 08:53:09 DEBUG::Imported ./scripts/analysis/class_analysis_BasicAnalysis.R
2019-11-21 08:53:09 DEBUG::Imported ./scripts/analysis/class_analysis_BERAnalysis.r
2019-11-21 08:53:09 DEBUG::Imported ./scripts/analysis/class_analysis_BERData.r
2019-11-21 08:53:09 DEBUG::Imported ./scripts/analysis/class_analysis_data.R
2019-11-21 08:53:09 DEBUG::Imported ./scripts/analysis/class_analysis_MFA.R
2019-11-21 08:53:09 DEBUG::Imported ./scripts/analysis/multiplot.R
2019-11-21 08:53:09 DEBUG::Imported ./app/app_server.R
2019-11-21 08:53:09 DEBUG::Imported ./app/app_server.R_backup
2019-11-21 08:53:09 DEBUG::Imported ./app/app_support.R
2019-11-21 08:53:09 DEBUG::Imported ./app/app_tutorial.R
2019-11-21 08:53:09 DEBUG::Imported ./app/app_ui.R
2019-11-21 08:53:09 DEBUG::Imported ./app/app_ui.R_backup
2019-11-21 08:53:12 INFO::Importing from R data file ...
2019-11-21 08:53:12 INFO::Importing dreamtk v1.0 chemical data...
2019-11-21 08:53:14 DEBUG::DataImporter.dreamtk found and loaded chemical_data data.
2019-11-21 08:53:14 INFO::Importing dreamtk v1.0 physiology data...
2019-11-21 08:53:15 DEBUG::DataImporter.dreamtk found and loaded physiology_data data.
2019-11-21 08:53:15 INFO::Importing dreamtk v1.0 assay info...
2019-11-21 08:53:16 DEBUG::DataImporter.dreamtk found and loaded ac50_data data.
2019-11-21 08:53:20 DEBUG::DataImporter.dreamtk found and loaded assay_data data.
2019-11-21 08:53:20 INFO::Importing from R data file ...
2019-11-21 08:53:20 INFO::Importing dreamtk v1.0 CPDat data...
2019-11-21 08:53:21 DEBUG::DataImporter.dreamtk found and loaded cpdat_data data.
2019-11-21 08:53:21 INFO::Importing dreamtk v1.0 Sheds data...
2019-11-21 08:53:23 DEBUG::DataImporter.dreamtk found and loaded shedsinfo_data data.
2019-11-21 08:53:23 DEBUG::ChemicalManager$sortChemicalsByValueList(): Nothing to sort.
2019-11-21 08:53:36 WARNING::simpleWarning: The following named parsers don't match the column names: cytotoxicity_um, cytotoxic, mw, human_funbound_plasma, human_clint, human_rblood2plasma, log_kow, pka
2019-11-21 08:53:36 INFO::Importing dreamtk v1.0 3compss model data from RData file...
2019-11-21 08:53:37 DEBUG::DataImporter.dreamtk found and loaded model_3css_data data.
2019-11-21 08:53:37 INFO::Importing dreamtk v1.0 FubPolynomial model data from RData file...
2019-11-21 08:53:38 DEBUG::DataImporter.dreamtk found and loaded kow_data data.
2019-11-21 08:53:39 DEBUG::DataImporter.dreamtk found and loaded pka_data data.
2019-11-21 08:53:39 WARNING::DataImporter.dreamtk$addMissing(): Imported data missing requested values: 35796, 28376, 35311, 23139. Missing value datarows have been added with all parameters set to NA.
2019-11-21 08:53:39 DEBUG::Parsing chemical list...
2019-11-21 08:53:39 WARNING::ChemicalManager$removeChemicals(): No character vector for casn provided. Nothing removed!
2019-11-21 08:53:39 DEBUG::ChemicalManager$addChemical(): Added valid Chemicals from list.
2019-11-21 08:53:39 WARNING::dataimporter.dreamtk.3compss$setModelData(): data set and locked. Use $resetModelData() to unlock, to be able to $loadModelData() from source specified by $setSource().
2019-11-21 08:53:39 WARNING::dataimporter.dreamtk.fubpolynomial$setModelData(): data set and locked. Use $resetModelData() to unlock, to be able to $loadModelData() from source specified by $setSource().
2019-11-21 08:53:39 WARNING::dataimporter.dreamtk.3compss$loadModelData(): data not imported from source specified by $setSource() since it is locked by $setModelData(). Use $resetModelData() to unlock.
2019-11-21 08:53:40 INFO::LocalModel$getAttachedModel(): Found attached model to return.
2019-11-21 08:53:40 WARNING::dataimporter.dreamtk.fubpolynomial$loadModelData(): data not imported from source specified by $setSource() since it is locked by $setModelData(). Use $resetModelData() to unlock.
2019-11-21 08:53:40 INFO::Calculating 3 compartment steady state Css values for 100-51-6
2019-11-21 08:53:40 INFO::Css: Success!
2019-11-21 08:53:40 INFO::Calculating 3 compartment steady state Css values for 205-99-2
2019-11-21 08:53:40 INFO::Css: Success!
2019-11-21 08:53:40 INFO::Calculating 3 compartment steady state Css values for 119-61-9
2019-11-21 08:53:40 INFO::Css: Success!
2019-11-21 08:53:40 INFO::Calculating 3 compartment steady state Css values for 108-91-8
2019-11-21 08:53:40 INFO::Css: Success!
2019-11-21 08:53:40 INFO::Calculating 3 compartment steady state Css values for 842-07-9
2019-11-21 08:53:40 INFO::Css: Success!
2019-11-21 08:53:40 INFO::Calculating 3 compartment steady state Css values for 115-28-6
2019-11-21 08:53:40 INFO::Css: Success!
2019-11-21 08:53:40 INFO::Calculating 3 compartment steady state Css values for 6055-19-2
2019-11-21 08:53:40 INFO::Css: Success!
2019-11-21 08:53:40 INFO::Calculating 3 compartment steady state Css values for 105-60-2
2019-11-21 08:53:40 INFO::Css: Success!
2019-11-21 08:53:40 INFO::Calculating 3 compartment steady state Css values for 106-22-9
2019-11-21 08:53:40 INFO::Css: Success!
2019-11-21 08:53:40 INFO::Calculating 3 compartment steady state Css values for 103-23-1
2019-11-21 08:53:40 INFO::Css: Success!
2019-11-21 08:53:40 INFO::Calculating 3 compartment steady state Css values for 3252-43-5
2019-11-21 08:53:40 INFO::Css: Success!
2019-11-21 08:53:40 INFO::Calculating 3 compartment steady state Css values for 132-64-9
2019-11-21 08:53:40 INFO::Css: Success!
2019-11-21 08:53:40 INFO::Calculating 3 compartment steady state Css values for 79-43-6
2019-11-21 08:53:40 INFO::Css: Success!
2019-11-21 08:53:40 INFO::Calculating 3 compartment steady state Css values for 62-73-7
2019-11-21 08:53:40 INFO::Css: Success!
2019-11-21 08:53:40 INFO::Calculating 3 compartment steady state Css values for 111-46-6
2019-11-21 08:53:40 INFO::Css: Success!
2019-11-21 08:53:40 INFO::Calculating 3 compartment steady state Css values for 84-66-2
2019-11-21 08:53:40 INFO::Css: Success!
2019-11-21 08:53:40 INFO::Calculating 3 compartment steady state Css values for 828-00-2
2019-11-21 08:53:40 INFO::Css: Success!
2019-11-21 08:53:40 INFO::Calculating 3 compartment steady state Css values for 88-85-7
2019-11-21 08:53:40 INFO::Css: Success!
2019-11-21 08:53:40 INFO::Calculating 3 compartment steady state Css values for 120-47-8
2019-11-21 08:53:40 INFO::Css: Success!
2019-11-21 08:53:40 INFO::Calculating 3 compartment steady state Css values for 53-16-7
2019-11-21 08:53:40 INFO::Css: Success!
2019-11-21 08:53:40 INFO::Calculating 3 compartment steady state Css values for 91-53-2
2019-11-21 08:53:40 INFO::Css: Success!
2019-11-21 08:53:40 INFO::Calculating 3 compartment steady state Css values for 1934-21-0
2019-11-21 08:53:40 INFO::Css: Success!
2019-11-21 08:53:40 INFO::Calculating 3 compartment steady state Css values for *35796
2019-11-21 08:53:40 WARNING::No 3compss model data is available for *35796. Results are NA.
2019-11-21 08:53:40 INFO::Calculating 3 compartment steady state Css values for 556-52-5
2019-11-21 08:53:40 INFO::Css: Success!
2019-11-21 08:53:40 INFO::Calculating 3 compartment steady state Css values for 77-47-4
2019-11-21 08:53:40 INFO::Css: Success!
2019-11-21 08:53:40 INFO::Calculating 3 compartment steady state Css values for 127-07-1
2019-11-21 08:53:40 INFO::Css: Success!
2019-11-21 08:53:40 INFO::Calculating 3 compartment steady state Css values for 143-50-0
2019-11-21 08:53:40 INFO::Css: Success!
2019-11-21 08:53:40 INFO::Calculating 3 compartment steady state Css values for 150-68-5
2019-11-21 08:53:40 INFO::Css: Success!
2019-11-21 08:53:40 INFO::Calculating 3 compartment steady state Css values for 2385-85-5
2019-11-21 08:53:40 INFO::Css: Success!
2019-11-21 08:53:40 INFO::Calculating 3 compartment steady state Css values for 119-36-8
2019-11-21 08:53:40 INFO::Css: Success!
2019-11-21 08:53:40 INFO::Calculating 3 compartment steady state Css values for 103-69-5
2019-11-21 08:53:40 INFO::Css: Success!
2019-11-21 08:53:40 INFO::Calculating 3 compartment steady state Css values for 63612-50-0
2019-11-21 08:53:40 INFO::Css: Success!
2019-11-21 08:53:40 INFO::Calculating 3 compartment steady state Css values for 110-26-9
2019-11-21 08:53:40 INFO::Css: Success!
2019-11-21 08:53:40 INFO::Calculating 3 compartment steady state Css values for 86-30-6
2019-11-21 08:53:40 INFO::Css: Success!
2019-11-21 08:53:40 INFO::Calculating 3 compartment steady state Css values for 55-18-5
2019-11-21 08:53:40 INFO::Css: Success!
2019-11-21 08:53:40 INFO::Calculating 3 compartment steady state Css values for 1836-75-5
2019-11-21 08:53:40 INFO::Css: Success!
2019-11-21 08:53:40 INFO::Calculating 3 compartment steady state Css values for 67-20-9
2019-11-21 08:53:40 INFO::Css: Success!
2019-11-21 08:53:40 INFO::Calculating 3 compartment steady state Css values for 106-44-5
2019-11-21 08:53:40 INFO::Css: Success!
2019-11-21 08:53:40 INFO::Calculating 3 compartment steady state Css values for 1763-23-1
2019-11-21 08:53:40 INFO::Css: Success!
2019-11-21 08:53:40 INFO::Calculating 3 compartment steady state Css values for 112529-15-4
2019-11-21 08:53:40 INFO::Css: Success!
2019-11-21 08:53:40 INFO::Calculating 3 compartment steady state Css values for 108-95-2
2019-11-21 08:53:40 INFO::Css: Success!
2019-11-21 08:53:40 INFO::Calculating 3 compartment steady state Css values for *28376
2019-11-21 08:53:40 WARNING::No 3compss model data is available for *28376. Results are NA.
2019-11-21 08:53:40 INFO::Calculating 3 compartment steady state Css values for 108-46-3
2019-11-21 08:53:40 INFO::Css: Success!
2019-11-21 08:53:40 INFO::Calculating 3 compartment steady state Css values for 110-44-1
2019-11-21 08:53:40 INFO::Css: Success!
2019-11-21 08:53:40 INFO::Calculating 3 compartment steady state Css values for 599-79-1
2019-11-21 08:53:40 INFO::Css: Success!
2019-11-21 08:53:40 INFO::Calculating 3 compartment steady state Css values for *35311
2019-11-21 08:53:40 WARNING::No 3compss model data is available for *35311. Results are NA.
2019-11-21 08:53:40 INFO::Calculating 3 compartment steady state Css values for 1156-19-0
2019-11-21 08:53:40 INFO::Css: Success!
2019-11-21 08:53:40 INFO::Calculating 3 compartment steady state Css values for 23564-05-8
2019-11-21 08:53:40 INFO::Css: Success!
2019-11-21 08:53:40 INFO::Calculating 3 compartment steady state Css values for 95-54-5
2019-11-21 08:53:40 INFO::Css: Success!
2019-11-21 08:53:40 INFO::Calculating 3 compartment steady state Css values for 57-63-6
2019-11-21 08:53:40 INFO::Css: Success!
2019-11-21 08:53:40 INFO::Calculating 3 compartment steady state Css values for 117-79-3
2019-11-21 08:53:40 INFO::Css: Success!
2019-11-21 08:53:40 INFO::Calculating 3 compartment steady state Css values for 119-90-4
2019-11-21 08:53:40 INFO::Css: Success!
2019-11-21 08:53:40 INFO::Calculating 3 compartment steady state Css values for 496-72-0
2019-11-21 08:53:40 INFO::Css: Success!
2019-11-21 08:53:40 INFO::Calculating 3 compartment steady state Css values for *23139
2019-11-21 08:53:40 WARNING::No 3compss model data is available for *23139. Results are NA.
2019-11-21 08:53:40 INFO::Calculating 3 compartment steady state Css values for 309-00-2
2019-11-21 08:53:40 INFO::Css: Success!
2019-11-21 08:53:40 INFO::Calculating 3 compartment steady state Css values for 120-12-7
2019-11-21 08:53:40 INFO::Css: Success!
2019-11-21 08:53:40 INFO::Calculating 3 compartment steady state Css values for 19774-82-4
2019-11-21 08:53:40 INFO::Css: Success!
2019-11-21 08:53:40 INFO::Calculating 3 compartment steady state Css values for 17804-35-2
2019-11-21 08:53:40 INFO::Css: Success!
2019-11-21 08:53:40 INFO::Calculating 3 compartment steady state Css values for 10605-21-7
2019-11-21 08:53:40 INFO::Css: Success!
2019-11-21 08:53:40 INFO::Calculating 3 compartment steady state Css values for 4291-63-8
2019-11-21 08:53:40 INFO::Css: Success!
2019-11-21 08:53:40 INFO::Calculating 3 compartment steady state Css values for 2921-88-2
2019-11-21 08:53:40 INFO::Css: Success!
2019-11-21 08:53:40 INFO::Calculating 3 compartment steady state Css values for 120-80-9
2019-11-21 08:53:40 INFO::Css: Success!
2019-11-21 08:53:40 INFO::Calculating 3 compartment steady state Css values for 69-74-9
2019-11-21 08:53:40 INFO::Css: Success!
2019-11-21 08:53:40 INFO::Calculating 3 compartment steady state Css values for 56-53-1
2019-11-21 08:53:40 INFO::Css: Success!
2019-11-21 08:53:40 INFO::Calculating 3 compartment steady state Css values for 97-77-8
2019-11-21 08:53:40 INFO::Css: Success!
2019-11-21 08:53:40 INFO::Calculating 3 compartment steady state Css values for 548-62-9
2019-11-21 08:53:40 INFO::Css: Success!
2019-11-21 08:53:40 INFO::Calculating 3 compartment steady state Css values for 123-31-9
2019-11-21 08:53:40 INFO::Css: Success!
2019-11-21 08:53:40 INFO::Calculating 3 compartment steady state Css values for 84371-65-3
2019-11-21 08:53:40 INFO::Css: Success!
2019-11-21 08:53:40 INFO::Calculating 3 compartment steady state Css values for 90-94-8
2019-11-21 08:53:40 INFO::Css: Success!
2019-11-21 08:53:40 INFO::Calculating 3 compartment steady state Css values for 101-54-2
2019-11-21 08:53:40 INFO::Css: Success!
2019-11-21 08:53:40 INFO::Calculating Oral Equivalent Doses for 100-51-6
2019-11-21 08:53:40 WARNING::LocalModel.OED1storder$getAc50FromChemical(): Ac50 values below cutoff were ignored. 
                OED for these assays will be NA.
2019-11-21 08:53:40 INFO::100-51-6: OED values calculated and saved to oed.1storder. 5 values saved.
2019-11-21 08:53:40 INFO::Calculating Oral Equivalent Doses for 205-99-2
2019-11-21 08:53:40 WARNING::LocalModel.OED1storder$getAc50FromChemical(): Ac50 values below cutoff were ignored. 
                OED for these assays will be NA.
2019-11-21 08:53:40 INFO::205-99-2: OED values calculated and saved to oed.1storder. 66 values saved.
2019-11-21 08:53:40 INFO::Calculating Oral Equivalent Doses for 119-61-9
2019-11-21 08:53:40 WARNING::LocalModel.OED1storder$getAc50FromChemical(): Ac50 values below cutoff were ignored. 
                OED for these assays will be NA.
2019-11-21 08:53:40 INFO::119-61-9: OED values calculated and saved to oed.1storder. 12 values saved.
2019-11-21 08:53:40 INFO::Calculating Oral Equivalent Doses for 108-91-8
2019-11-21 08:53:40 WARNING::LocalModel.OED1storder$getAc50FromChemical(): Ac50 values below cutoff were ignored. 
                OED for these assays will be NA.
2019-11-21 08:53:40 INFO::108-91-8: OED values calculated and saved to oed.1storder. 3 values saved.
2019-11-21 08:53:40 INFO::Calculating Oral Equivalent Doses for 842-07-9
2019-11-21 08:53:40 WARNING::LocalModel.OED1storder$getAc50FromChemical(): Ac50 values below cutoff were ignored. 
                OED for these assays will be NA.
2019-11-21 08:53:40 INFO::842-07-9: OED values calculated and saved to oed.1storder. 69 values saved.
2019-11-21 08:53:40 INFO::Calculating Oral Equivalent Doses for 115-28-6
2019-11-21 08:53:40 WARNING::LocalModel.OED1storder$getAc50FromChemical(): Ac50 values below cutoff were ignored. 
                OED for these assays will be NA.
2019-11-21 08:53:40 WARNING::No above-threshold activity data is available for 115-28-6. Results are NA.
2019-11-21 08:53:40 INFO::Calculating Oral Equivalent Doses for 6055-19-2
2019-11-21 08:53:40 WARNING::LocalModel.OED1storder$getAc50FromChemical(): Ac50 values below cutoff were ignored. 
                OED for these assays will be NA.
2019-11-21 08:53:40 INFO::6055-19-2: OED values calculated and saved to oed.1storder. 4 values saved.
2019-11-21 08:53:40 INFO::Calculating Oral Equivalent Doses for 105-60-2
2019-11-21 08:53:40 WARNING::LocalModel.OED1storder$getAc50FromChemical(): Ac50 values below cutoff were ignored. 
                OED for these assays will be NA.
2019-11-21 08:53:40 INFO::105-60-2: OED values calculated and saved to oed.1storder. 19 values saved.
2019-11-21 08:53:40 INFO::Calculating Oral Equivalent Doses for 106-22-9
2019-11-21 08:53:40 WARNING::LocalModel.OED1storder$getAc50FromChemical(): Ac50 values below cutoff were ignored. 
                OED for these assays will be NA.
2019-11-21 08:53:40 INFO::106-22-9: OED values calculated and saved to oed.1storder. 10 values saved.
2019-11-21 08:53:40 INFO::Calculating Oral Equivalent Doses for 103-23-1
2019-11-21 08:53:40 WARNING::LocalModel.OED1storder$getAc50FromChemical(): Ac50 values below cutoff were ignored. 
                OED for these assays will be NA.
2019-11-21 08:53:40 INFO::103-23-1: OED values calculated and saved to oed.1storder. 7 values saved.
2019-11-21 08:53:40 INFO::Calculating Oral Equivalent Doses for 3252-43-5
2019-11-21 08:53:40 WARNING::LocalModel.OED1storder$getAc50FromChemical(): Ac50 values below cutoff were ignored. 
                OED for these assays will be NA.
2019-11-21 08:53:40 INFO::3252-43-5: OED values calculated and saved to oed.1storder. 14 values saved.
2019-11-21 08:53:40 INFO::Calculating Oral Equivalent Doses for 132-64-9
2019-11-21 08:53:40 WARNING::LocalModel.OED1storder$getAc50FromChemical(): Ac50 values below cutoff were ignored. 
                OED for these assays will be NA.
2019-11-21 08:53:40 INFO::132-64-9: OED values calculated and saved to oed.1storder. 1 values saved.
2019-11-21 08:53:40 INFO::Calculating Oral Equivalent Doses for 79-43-6
2019-11-21 08:53:40 WARNING::LocalModel.OED1storder$getAc50FromChemical(): Ac50 values below cutoff were ignored. 
                OED for these assays will be NA.
2019-11-21 08:53:40 WARNING::No above-threshold activity data is available for 79-43-6. Results are NA.
2019-11-21 08:53:40 INFO::Calculating Oral Equivalent Doses for 62-73-7
2019-11-21 08:53:40 WARNING::LocalModel.OED1storder$getAc50FromChemical(): Ac50 values below cutoff were ignored. 
                OED for these assays will be NA.
2019-11-21 08:53:40 INFO::62-73-7: OED values calculated and saved to oed.1storder. 21 values saved.
2019-11-21 08:53:40 INFO::Calculating Oral Equivalent Doses for 111-46-6
2019-11-21 08:53:40 WARNING::LocalModel.OED1storder$getAc50FromChemical(): Ac50 values below cutoff were ignored. 
                OED for these assays will be NA.
2019-11-21 08:53:40 INFO::111-46-6: OED values calculated and saved to oed.1storder. 1 values saved.
2019-11-21 08:53:40 INFO::Calculating Oral Equivalent Doses for 84-66-2
2019-11-21 08:53:40 WARNING::LocalModel.OED1storder$getAc50FromChemical(): Ac50 values below cutoff were ignored. 
                OED for these assays will be NA.
2019-11-21 08:53:40 INFO::84-66-2: OED values calculated and saved to oed.1storder. 7 values saved.
2019-11-21 08:53:40 INFO::Calculating Oral Equivalent Doses for 828-00-2
2019-11-21 08:53:40 WARNING::LocalModel.OED1storder$getAc50FromChemical(): Ac50 values below cutoff were ignored. 
                OED for these assays will be NA.
2019-11-21 08:53:40 INFO::828-00-2: OED values calculated and saved to oed.1storder. 8 values saved.
2019-11-21 08:53:40 INFO::Calculating Oral Equivalent Doses for 88-85-7
2019-11-21 08:53:40 WARNING::LocalModel.OED1storder$getAc50FromChemical(): Ac50 values below cutoff were ignored. 
                OED for these assays will be NA.
2019-11-21 08:53:40 INFO::88-85-7: OED values calculated and saved to oed.1storder. 111 values saved.
2019-11-21 08:53:40 INFO::Calculating Oral Equivalent Doses for 120-47-8
2019-11-21 08:53:40 WARNING::LocalModel.OED1storder$getAc50FromChemical(): Ac50 values below cutoff were ignored. 
                OED for these assays will be NA.
2019-11-21 08:53:40 INFO::120-47-8: OED values calculated and saved to oed.1storder. 15 values saved.
2019-11-21 08:53:40 INFO::Calculating Oral Equivalent Doses for 53-16-7
2019-11-21 08:53:40 WARNING::LocalModel.OED1storder$getAc50FromChemical(): Ac50 values below cutoff were ignored. 
                OED for these assays will be NA.
2019-11-21 08:53:40 INFO::53-16-7: OED values calculated and saved to oed.1storder. 43 values saved.
2019-11-21 08:53:40 INFO::Calculating Oral Equivalent Doses for 91-53-2
2019-11-21 08:53:40 WARNING::LocalModel.OED1storder$getAc50FromChemical(): Ac50 values below cutoff were ignored. 
                OED for these assays will be NA.
2019-11-21 08:53:40 INFO::91-53-2: OED values calculated and saved to oed.1storder. 75 values saved.
2019-11-21 08:53:40 INFO::Calculating Oral Equivalent Doses for 1934-21-0
2019-11-21 08:53:40 WARNING::LocalModel.OED1storder$getAc50FromChemical(): Ac50 values below cutoff were ignored. 
                OED for these assays will be NA.
2019-11-21 08:53:40 INFO::1934-21-0: OED values calculated and saved to oed.1storder. 21 values saved.
2019-11-21 08:53:40 INFO::Calculating Oral Equivalent Doses for *35796
2019-11-21 08:53:40 WARNING::No above-threshold activity data is available for *35796. Results are NA.
2019-11-21 08:53:40 INFO::Calculating Oral Equivalent Doses for 556-52-5
2019-11-21 08:53:40 WARNING::LocalModel.OED1storder$getAc50FromChemical(): Ac50 values below cutoff were ignored. 
                OED for these assays will be NA.
2019-11-21 08:53:40 INFO::556-52-5: OED values calculated and saved to oed.1storder. 1 values saved.
2019-11-21 08:53:40 INFO::Calculating Oral Equivalent Doses for 77-47-4
2019-11-21 08:53:40 WARNING::LocalModel.OED1storder$getAc50FromChemical(): Ac50 values below cutoff were ignored. 
                OED for these assays will be NA.
2019-11-21 08:53:40 INFO::77-47-4: OED values calculated and saved to oed.1storder. 145 values saved.
2019-11-21 08:53:40 INFO::Calculating Oral Equivalent Doses for 127-07-1
2019-11-21 08:53:40 WARNING::LocalModel.OED1storder$getAc50FromChemical(): Ac50 values below cutoff were ignored. 
                OED for these assays will be NA.
2019-11-21 08:53:40 INFO::127-07-1: OED values calculated and saved to oed.1storder. 4 values saved.
2019-11-21 08:53:40 INFO::Calculating Oral Equivalent Doses for 143-50-0
2019-11-21 08:53:40 WARNING::LocalModel.OED1storder$getAc50FromChemical(): Ac50 values below cutoff were ignored. 
                OED for these assays will be NA.
2019-11-21 08:53:40 INFO::143-50-0: OED values calculated and saved to oed.1storder. 253 values saved.
2019-11-21 08:53:40 INFO::Calculating Oral Equivalent Doses for 150-68-5
2019-11-21 08:53:40 WARNING::LocalModel.OED1storder$getAc50FromChemical(): Ac50 values below cutoff were ignored. 
                OED for these assays will be NA.
2019-11-21 08:53:40 INFO::150-68-5: OED values calculated and saved to oed.1storder. 6 values saved.
2019-11-21 08:53:40 INFO::Calculating Oral Equivalent Doses for 2385-85-5
2019-11-21 08:53:40 WARNING::LocalModel.OED1storder$getAc50FromChemical(): Ac50 values below cutoff were ignored. 
                OED for these assays will be NA.
2019-11-21 08:53:40 INFO::2385-85-5: OED values calculated and saved to oed.1storder. 1 values saved.
2019-11-21 08:53:40 INFO::Calculating Oral Equivalent Doses for 119-36-8
2019-11-21 08:53:40 WARNING::LocalModel.OED1storder$getAc50FromChemical(): Ac50 values below cutoff were ignored. 
                OED for these assays will be NA.
2019-11-21 08:53:40 INFO::119-36-8: OED values calculated and saved to oed.1storder. 15 values saved.
2019-11-21 08:53:40 INFO::Calculating Oral Equivalent Doses for 103-69-5
2019-11-21 08:53:40 WARNING::LocalModel.OED1storder$getAc50FromChemical(): Ac50 values below cutoff were ignored. 
                OED for these assays will be NA.
2019-11-21 08:53:40 INFO::103-69-5: OED values calculated and saved to oed.1storder. 2 values saved.
2019-11-21 08:53:40 INFO::Calculating Oral Equivalent Doses for 63612-50-0
2019-11-21 08:53:40 WARNING::LocalModel.OED1storder$getAc50FromChemical(): Ac50 values below cutoff were ignored. 
                OED for these assays will be NA.
2019-11-21 08:53:40 INFO::63612-50-0: OED values calculated and saved to oed.1storder. 29 values saved.
2019-11-21 08:53:40 INFO::Calculating Oral Equivalent Doses for 110-26-9
2019-11-21 08:53:40 WARNING::LocalModel.OED1storder$getAc50FromChemical(): Ac50 values below cutoff were ignored. 
                OED for these assays will be NA.
2019-11-21 08:53:40 INFO::110-26-9: OED values calculated and saved to oed.1storder. 10 values saved.
2019-11-21 08:53:40 INFO::Calculating Oral Equivalent Doses for 86-30-6
2019-11-21 08:53:40 WARNING::LocalModel.OED1storder$getAc50FromChemical(): Ac50 values below cutoff were ignored. 
                OED for these assays will be NA.
2019-11-21 08:53:40 INFO::86-30-6: OED values calculated and saved to oed.1storder. 15 values saved.
2019-11-21 08:53:40 INFO::Calculating Oral Equivalent Doses for 55-18-5
2019-11-21 08:53:40 WARNING::LocalModel.OED1storder$getAc50FromChemical(): Ac50 values below cutoff were ignored. 
                OED for these assays will be NA.
2019-11-21 08:53:40 INFO::55-18-5: OED values calculated and saved to oed.1storder. 6 values saved.
2019-11-21 08:53:40 INFO::Calculating Oral Equivalent Doses for 1836-75-5
2019-11-21 08:53:40 WARNING::LocalModel.OED1storder$getAc50FromChemical(): Ac50 values below cutoff were ignored. 
                OED for these assays will be NA.
2019-11-21 08:53:40 INFO::1836-75-5: OED values calculated and saved to oed.1storder. 43 values saved.
2019-11-21 08:53:40 INFO::Calculating Oral Equivalent Doses for 67-20-9
2019-11-21 08:53:40 WARNING::LocalModel.OED1storder$getAc50FromChemical(): Ac50 values below cutoff were ignored. 
                OED for these assays will be NA.
2019-11-21 08:53:40 INFO::67-20-9: OED values calculated and saved to oed.1storder. 42 values saved.
2019-11-21 08:53:40 INFO::Calculating Oral Equivalent Doses for 106-44-5
2019-11-21 08:53:40 WARNING::LocalModel.OED1storder$getAc50FromChemical(): Ac50 values below cutoff were ignored. 
                OED for these assays will be NA.
2019-11-21 08:53:40 INFO::106-44-5: OED values calculated and saved to oed.1storder. 5 values saved.
2019-11-21 08:53:40 INFO::Calculating Oral Equivalent Doses for 1763-23-1
2019-11-21 08:53:40 WARNING::LocalModel.OED1storder$getAc50FromChemical(): Ac50 values below cutoff were ignored. 
                OED for these assays will be NA.
2019-11-21 08:53:40 INFO::1763-23-1: OED values calculated and saved to oed.1storder. 161 values saved.
2019-11-21 08:53:40 INFO::Calculating Oral Equivalent Doses for 112529-15-4
2019-11-21 08:53:40 WARNING::LocalModel.OED1storder$getAc50FromChemical(): Ac50 values below cutoff were ignored. 
                OED for these assays will be NA.
2019-11-21 08:53:40 INFO::112529-15-4: OED values calculated and saved to oed.1storder. 33 values saved.
2019-11-21 08:53:40 INFO::Calculating Oral Equivalent Doses for 108-95-2
2019-11-21 08:53:40 WARNING::LocalModel.OED1storder$getAc50FromChemical(): Ac50 values below cutoff were ignored. 
                OED for these assays will be NA.
2019-11-21 08:53:40 INFO::108-95-2: OED values calculated and saved to oed.1storder. 2 values saved.
2019-11-21 08:53:40 INFO::Calculating Oral Equivalent Doses for *28376
2019-11-21 08:53:40 WARNING::No above-threshold activity data is available for *28376. Results are NA.
2019-11-21 08:53:40 INFO::Calculating Oral Equivalent Doses for 108-46-3
2019-11-21 08:53:40 WARNING::LocalModel.OED1storder$getAc50FromChemical(): Ac50 values below cutoff were ignored. 
                OED for these assays will be NA.
2019-11-21 08:53:41 INFO::108-46-3: OED values calculated and saved to oed.1storder. 8 values saved.
2019-11-21 08:53:41 INFO::Calculating Oral Equivalent Doses for 110-44-1
2019-11-21 08:53:41 WARNING::LocalModel.OED1storder$getAc50FromChemical(): Ac50 values below cutoff were ignored. 
                OED for these assays will be NA.
2019-11-21 08:53:41 INFO::110-44-1: OED values calculated and saved to oed.1storder. 10 values saved.
2019-11-21 08:53:41 INFO::Calculating Oral Equivalent Doses for 599-79-1
2019-11-21 08:53:41 WARNING::LocalModel.OED1storder$getAc50FromChemical(): Ac50 values below cutoff were ignored. 
                OED for these assays will be NA.
2019-11-21 08:53:41 INFO::599-79-1: OED values calculated and saved to oed.1storder. 18 values saved.
2019-11-21 08:53:41 INFO::Calculating Oral Equivalent Doses for *35311
2019-11-21 08:53:41 WARNING::No above-threshold activity data is available for *35311. Results are NA.
2019-11-21 08:53:41 INFO::Calculating Oral Equivalent Doses for 1156-19-0
2019-11-21 08:53:41 WARNING::LocalModel.OED1storder$getAc50FromChemical(): Ac50 values below cutoff were ignored. 
                OED for these assays will be NA.
2019-11-21 08:53:41 INFO::1156-19-0: OED values calculated and saved to oed.1storder. 3 values saved.
2019-11-21 08:53:41 INFO::Calculating Oral Equivalent Doses for 23564-05-8
2019-11-21 08:53:41 WARNING::LocalModel.OED1storder$getAc50FromChemical(): Ac50 values below cutoff were ignored. 
                OED for these assays will be NA.
2019-11-21 08:53:41 INFO::23564-05-8: OED values calculated and saved to oed.1storder. 31 values saved.
2019-11-21 08:53:41 INFO::Calculating Oral Equivalent Doses for 95-54-5
2019-11-21 08:53:41 WARNING::LocalModel.OED1storder$getAc50FromChemical(): Ac50 values below cutoff were ignored. 
                OED for these assays will be NA.
2019-11-21 08:53:41 INFO::95-54-5: OED values calculated and saved to oed.1storder. 76 values saved.
2019-11-21 08:53:41 INFO::Calculating Oral Equivalent Doses for 57-63-6
2019-11-21 08:53:41 WARNING::LocalModel.OED1storder$getAc50FromChemical(): Ac50 values below cutoff were ignored. 
                OED for these assays will be NA.
2019-11-21 08:53:41 INFO::57-63-6: OED values calculated and saved to oed.1storder. 131 values saved.
2019-11-21 08:53:41 INFO::Calculating Oral Equivalent Doses for 117-79-3
2019-11-21 08:53:41 WARNING::LocalModel.OED1storder$getAc50FromChemical(): Ac50 values below cutoff were ignored. 
                OED for these assays will be NA.
2019-11-21 08:53:41 INFO::117-79-3: OED values calculated and saved to oed.1storder. 41 values saved.
2019-11-21 08:53:41 INFO::Calculating Oral Equivalent Doses for 119-90-4
2019-11-21 08:53:41 WARNING::LocalModel.OED1storder$getAc50FromChemical(): Ac50 values below cutoff were ignored. 
                OED for these assays will be NA.
2019-11-21 08:53:41 INFO::119-90-4: OED values calculated and saved to oed.1storder. 30 values saved.
2019-11-21 08:53:41 INFO::Calculating Oral Equivalent Doses for 496-72-0
2019-11-21 08:53:41 WARNING::LocalModel.OED1storder$getAc50FromChemical(): Ac50 values below cutoff were ignored. 
                OED for these assays will be NA.
2019-11-21 08:53:41 INFO::496-72-0: OED values calculated and saved to oed.1storder. 37 values saved.
2019-11-21 08:53:41 INFO::Calculating Oral Equivalent Doses for *23139
2019-11-21 08:53:41 WARNING::No above-threshold activity data is available for *23139. Results are NA.
2019-11-21 08:53:41 INFO::Calculating Oral Equivalent Doses for 309-00-2
2019-11-21 08:53:41 WARNING::LocalModel.OED1storder$getAc50FromChemical(): Ac50 values below cutoff were ignored. 
                OED for these assays will be NA.
2019-11-21 08:53:41 INFO::309-00-2: OED values calculated and saved to oed.1storder. 161 values saved.
2019-11-21 08:53:41 INFO::Calculating Oral Equivalent Doses for 120-12-7
2019-11-21 08:53:41 WARNING::LocalModel.OED1storder$getAc50FromChemical(): Ac50 values below cutoff were ignored. 
                OED for these assays will be NA.
2019-11-21 08:53:41 INFO::120-12-7: OED values calculated and saved to oed.1storder. 14 values saved.
2019-11-21 08:53:41 INFO::Calculating Oral Equivalent Doses for 19774-82-4
2019-11-21 08:53:41 WARNING::LocalModel.OED1storder$getAc50FromChemical(): Ac50 values below cutoff were ignored. 
                OED for these assays will be NA.
2019-11-21 08:53:41 INFO::19774-82-4: OED values calculated and saved to oed.1storder. 255 values saved.
2019-11-21 08:53:41 INFO::Calculating Oral Equivalent Doses for 17804-35-2
2019-11-21 08:53:41 WARNING::LocalModel.OED1storder$getAc50FromChemical(): Ac50 values below cutoff were ignored. 
                OED for these assays will be NA.
2019-11-21 08:53:41 INFO::17804-35-2: OED values calculated and saved to oed.1storder. 45 values saved.
2019-11-21 08:53:41 INFO::Calculating Oral Equivalent Doses for 10605-21-7
2019-11-21 08:53:41 WARNING::LocalModel.OED1storder$getAc50FromChemical(): Ac50 values below cutoff were ignored. 
                OED for these assays will be NA.
2019-11-21 08:53:41 INFO::10605-21-7: OED values calculated and saved to oed.1storder. 32 values saved.
2019-11-21 08:53:41 INFO::Calculating Oral Equivalent Doses for 4291-63-8
2019-11-21 08:53:41 WARNING::LocalModel.OED1storder$getAc50FromChemical(): Ac50 values below cutoff were ignored. 
                OED for these assays will be NA.
2019-11-21 08:53:41 INFO::4291-63-8: OED values calculated and saved to oed.1storder. 56 values saved.
2019-11-21 08:53:41 INFO::Calculating Oral Equivalent Doses for 2921-88-2
2019-11-21 08:53:41 WARNING::LocalModel.OED1storder$getAc50FromChemical(): Ac50 values below cutoff were ignored. 
                OED for these assays will be NA.
2019-11-21 08:53:41 INFO::2921-88-2: OED values calculated and saved to oed.1storder. 83 values saved.
2019-11-21 08:53:41 INFO::Calculating Oral Equivalent Doses for 120-80-9
2019-11-21 08:53:41 WARNING::LocalModel.OED1storder$getAc50FromChemical(): Ac50 values below cutoff were ignored. 
                OED for these assays will be NA.
2019-11-21 08:53:41 INFO::120-80-9: OED values calculated and saved to oed.1storder. 68 values saved.
2019-11-21 08:53:41 INFO::Calculating Oral Equivalent Doses for 69-74-9
2019-11-21 08:53:41 WARNING::LocalModel.OED1storder$getAc50FromChemical(): Ac50 values below cutoff were ignored. 
                OED for these assays will be NA.
2019-11-21 08:53:41 INFO::69-74-9: OED values calculated and saved to oed.1storder. 27 values saved.
2019-11-21 08:53:41 INFO::Calculating Oral Equivalent Doses for 56-53-1
2019-11-21 08:53:41 WARNING::LocalModel.OED1storder$getAc50FromChemical(): Ac50 values below cutoff were ignored. 
                OED for these assays will be NA.
2019-11-21 08:53:41 INFO::56-53-1: OED values calculated and saved to oed.1storder. 226 values saved.
2019-11-21 08:53:41 INFO::Calculating Oral Equivalent Doses for 97-77-8
2019-11-21 08:53:41 WARNING::LocalModel.OED1storder$getAc50FromChemical(): Ac50 values below cutoff were ignored. 
                OED for these assays will be NA.
2019-11-21 08:53:41 INFO::97-77-8: OED values calculated and saved to oed.1storder. 220 values saved.
2019-11-21 08:53:41 INFO::Calculating Oral Equivalent Doses for 548-62-9
2019-11-21 08:53:41 WARNING::LocalModel.OED1storder$getAc50FromChemical(): Ac50 values below cutoff were ignored. 
                OED for these assays will be NA.
2019-11-21 08:53:41 INFO::548-62-9: OED values calculated and saved to oed.1storder. 320 values saved.
2019-11-21 08:53:41 INFO::Calculating Oral Equivalent Doses for 123-31-9
2019-11-21 08:53:41 WARNING::LocalModel.OED1storder$getAc50FromChemical(): Ac50 values below cutoff were ignored. 
                OED for these assays will be NA.
2019-11-21 08:53:41 INFO::123-31-9: OED values calculated and saved to oed.1storder. 88 values saved.
2019-11-21 08:53:41 INFO::Calculating Oral Equivalent Doses for 84371-65-3
2019-11-21 08:53:41 WARNING::LocalModel.OED1storder$getAc50FromChemical(): Ac50 values below cutoff were ignored. 
                OED for these assays will be NA.
2019-11-21 08:53:41 INFO::84371-65-3: OED values calculated and saved to oed.1storder. 134 values saved.
2019-11-21 08:53:41 INFO::Calculating Oral Equivalent Doses for 90-94-8
2019-11-21 08:53:41 WARNING::LocalModel.OED1storder$getAc50FromChemical(): Ac50 values below cutoff were ignored. 
                OED for these assays will be NA.
2019-11-21 08:53:41 INFO::90-94-8: OED values calculated and saved to oed.1storder. 94 values saved.
2019-11-21 08:53:41 INFO::Calculating Oral Equivalent Doses for 101-54-2
2019-11-21 08:53:41 WARNING::LocalModel.OED1storder$getAc50FromChemical(): Ac50 values below cutoff were ignored. 
                OED for these assays will be NA.
2019-11-21 08:53:41 INFO::101-54-2: OED values calculated and saved to oed.1storder. 118 values saved.
2019-11-21 08:53:41 DEBUG::Chemical list selection warning:simpleWarning in min(valid_oed, na.rm = TRUE): no non-missing arguments to min; returning Inf
2019-11-21 08:53:41 DEBUG::Chemical list selection warning:simpleWarning in min(valid_oed, na.rm = TRUE): no non-missing arguments to min; returning Inf
2019-11-21 08:53:41 WARNING::dataimporter.dreamtk.3compss$resetModelData(): data reset and unlocked. $loadModelData() is now functional.
2019-11-21 08:53:41 WARNING::dataimporter.dreamtk.fubpolynomial$resetModelData(): data reset and unlocked. $loadModelData() is now functional.
2019-11-21 08:53:41 WARNING::ChemicalManager$getListOfChemicalsByName(): No character vector for names provided. Empty list returned!
2019-11-21 08:53:41 WARNING::ChemicalManager$getListOfChemicals(): No character vector for casn provided. Empty list returned!
2019-11-21 08:53:42 DEBUG::4 chemicals removed
