2020-01-08 11:15:52 INFO::Initializing logger...
2020-01-08 11:15:52 INFO::Welcome to Dream.TK v0.8
2020-01-08 11:15:52 INFO::Running on 08-01-2020 11:15:52
2020-01-08 11:15:52 INFO::-------------------------------------------------
2020-01-08 11:15:52 INFO::Starting function imports...
2020-01-08 11:15:52 DEBUG::Imported ./www/busyIndicator.R
2020-01-08 11:15:52 DEBUG::Imported ./scripts/io_import_dreamtk/class_Database_MySQL.R
2020-01-08 11:15:52 DEBUG::Imported ./scripts/io_import_dreamtk/class_dataimporter_dreamtk.R
2020-01-08 11:15:52 DEBUG::Imported ./scripts/io_import_dreamtk/class_dataimporter_dreamtk_basicData.R
2020-01-08 11:15:52 DEBUG::Imported ./scripts/io_import_dreamtk/class_dataimporter_dreamtk_css3compss.R
2020-01-08 11:15:52 DEBUG::Imported ./scripts/io_import_dreamtk/class_dataimporter_dreamtk_fubpolynomial.R
2020-01-08 11:15:52 DEBUG::Imported ./scripts/io_import_dreamtk/class_dataimporter_dreamtk_fubpoulinhaddad2012.R
2020-01-08 11:15:52 DEBUG::Imported ./scripts/io_import_dreamtk/class_dataparser_dreamtk.R
2020-01-08 11:15:53 DEBUG::Imported ./scripts/io_import_dreamtk/killMySQLDBConnections.R
2020-01-08 11:15:53 DEBUG::Imported ./scripts/model/class_local_model.R
2020-01-08 11:15:53 DEBUG::Imported ./scripts/model/class_localmodel_css3compss.R
2020-01-08 11:15:53 DEBUG::Imported ./scripts/model/class_localmodel_fubpolynomial.R
2020-01-08 11:15:53 DEBUG::Imported ./scripts/model/class_localmodel_oed1storder.R
2020-01-08 11:15:53 DEBUG::Imported ./scripts/chemical_manager/class_chemical.R
2020-01-08 11:15:53 DEBUG::Imported ./scripts/chemical_manager/class_chemical_manager.R
2020-01-08 11:15:53 DEBUG::Imported ./scripts/chemical_manager/printFunctions.R
2020-01-08 11:15:53 DEBUG::Imported ./scripts/analysis/class_analysis_BasicAnalysis.R
2020-01-08 11:15:53 DEBUG::Imported ./scripts/analysis/class_analysis_BERAnalysis.r
2020-01-08 11:15:53 DEBUG::Imported ./scripts/analysis/class_analysis_BERData.r
2020-01-08 11:15:53 DEBUG::Imported ./scripts/analysis/class_analysis_data.R
2020-01-08 11:15:53 DEBUG::Imported ./scripts/analysis/class_analysis_MFA.R
2020-01-08 11:15:53 DEBUG::Imported ./scripts/analysis/multiplot.R
2020-01-08 11:15:53 DEBUG::Imported ./app/app_server.R
2020-01-08 11:15:53 DEBUG::Imported ./app/app_support.R
2020-01-08 11:15:53 DEBUG::Imported ./app/app_tutorial.R
2020-01-08 11:15:53 DEBUG::Imported ./app/app_ui.R
2020-01-08 11:15:56 INFO::Importing from R data file ...
2020-01-08 11:15:56 INFO::Importing dreamtk v1.0 chemical data...
2020-01-08 11:15:57 DEBUG::DataImporter.dreamtk found and loaded chemical_data data.
2020-01-08 11:15:57 INFO::Importing dreamtk v1.0 physiology data...
2020-01-08 11:15:58 DEBUG::DataImporter.dreamtk found and loaded physiology_data data.
2020-01-08 11:15:58 INFO::Importing dreamtk v1.0 assay info...
2020-01-08 11:15:59 DEBUG::DataImporter.dreamtk found and loaded ac50_data data.
2020-01-08 11:16:04 DEBUG::DataImporter.dreamtk found and loaded assay_data data.
2020-01-08 11:16:04 INFO::Importing from R data file ...
2020-01-08 11:16:04 INFO::Importing dreamtk v1.0 CPDat data...
2020-01-08 11:16:06 DEBUG::DataImporter.dreamtk found and loaded cpdat_data data.
2020-01-08 11:16:06 INFO::Importing dreamtk v1.0 Sheds data...
2020-01-08 11:16:07 DEBUG::DataImporter.dreamtk found and loaded shedsinfo_data data.
2020-01-08 11:16:07 DEBUG::ChemicalManager$sortChemicalsByValueList(): Nothing to sort.
2020-01-08 11:16:20 INFO::Importing dreamtk v1.0 3compss model data from RData file...
2020-01-08 11:16:21 DEBUG::DataImporter.dreamtk found and loaded model_3css_data data.
2020-01-08 11:16:21 INFO::Importing dreamtk v1.0 FubPolynomial model data from RData file...
2020-01-08 11:16:22 DEBUG::DataImporter.dreamtk found and loaded kow_data data.
2020-01-08 11:16:23 DEBUG::DataImporter.dreamtk found and loaded pka_data data.
2020-01-08 11:16:23 WARNING::DataImporter.dreamtk$addMissing(): Imported data missing requested values: 57-11-04, 80-09-01, 594-04-7, 34970-00-8, 593-94-2, 638-73-3, 557-95-9, 71815-43-5, 53715-09-6, 598-89-0, 64-69-7. Missing value datarows have been added with all parameters set to NA.
2020-01-08 11:16:23 DEBUG::Parsing chemical list...
2020-01-08 11:16:23 WARNING::ChemicalManager$removeChemicals(): No character vector for casn provided. Nothing removed!
2020-01-08 11:16:23 DEBUG::ChemicalManager$addChemical(): Added valid Chemicals from list.
2020-01-08 11:16:23 WARNING::dataimporter.dreamtk.3compss$setModelData(): data set and locked. Use $resetModelData() to unlock, to be able to $loadModelData() from source specified by $setSource().
2020-01-08 11:16:23 WARNING::dataimporter.dreamtk.fubpolynomial$setModelData(): data set and locked. Use $resetModelData() to unlock, to be able to $loadModelData() from source specified by $setSource().
2020-01-08 11:16:23 WARNING::dataimporter.dreamtk.3compss$loadModelData(): data not imported from source specified by $setSource() since it is locked by $setModelData(). Use $resetModelData() to unlock.
2020-01-08 11:16:23 INFO::LocalModel$getAttachedModel(): Found attached model to return.
2020-01-08 11:16:23 WARNING::dataimporter.dreamtk.fubpolynomial$loadModelData(): data not imported from source specified by $setSource() since it is locked by $setModelData(). Use $resetModelData() to unlock.
2020-01-08 11:16:23 INFO::Calculating 3 compartment steady state Css values for 110-71-4
2020-01-08 11:16:23 INFO::Css: Success!
2020-01-08 11:16:23 INFO::Calculating 3 compartment steady state Css values for 111-46-6
2020-01-08 11:16:23 INFO::Css: Success!
2020-01-08 11:16:23 INFO::Calculating 3 compartment steady state Css values for 111-90-0
2020-01-08 11:16:23 INFO::Css: Success!
2020-01-08 11:16:23 INFO::Calculating 3 compartment steady state Css values for 111-96-6
2020-01-08 11:16:23 INFO::Css: Success!
2020-01-08 11:16:23 INFO::Calculating 3 compartment steady state Css values for 112-07-2
2020-01-08 11:16:23 INFO::Css: Success!
2020-01-08 11:16:23 INFO::Calculating 3 compartment steady state Css values for 112-27-6
2020-01-08 11:16:23 INFO::Css: Success!
2020-01-08 11:16:23 INFO::Calculating 3 compartment steady state Css values for 112-34-5
2020-01-08 11:16:23 INFO::Css: Success!
2020-01-08 11:16:23 INFO::Calculating 3 compartment steady state Css values for 112-49-2
2020-01-08 11:16:23 INFO::Css: Success!
2020-01-08 11:16:23 INFO::Calculating 3 compartment steady state Css values for 112-60-7
2020-01-08 11:16:23 INFO::Css: Success!
2020-01-08 11:16:23 INFO::Calculating 3 compartment steady state Css values for 79-74-3
2020-01-08 11:16:23 INFO::Css: Success!
2020-01-08 11:16:23 INFO::Calculating 3 compartment steady state Css values for 88-58-4
2020-01-08 11:16:23 INFO::Css: Success!
2020-01-08 11:16:23 INFO::Calculating 3 compartment steady state Css values for 96-76-4
2020-01-08 11:16:23 INFO::Css: Success!
2020-01-08 11:16:23 INFO::Calculating 3 compartment steady state Css values for 98-54-4
2020-01-08 11:16:23 INFO::Css: Success!
2020-01-08 11:16:23 INFO::Calculating 3 compartment steady state Css values for 118-82-1
2020-01-08 11:16:23 INFO::Css: Success!
2020-01-08 11:16:23 INFO::Calculating 3 compartment steady state Css values for 128-37-0
2020-01-08 11:16:23 INFO::Css: Success!
2020-01-08 11:16:23 INFO::Calculating 3 compartment steady state Css values for 128-39-2
2020-01-08 11:16:23 INFO::Css: Success!
2020-01-08 11:16:23 INFO::Calculating 3 compartment steady state Css values for 6683-19-8
2020-01-08 11:16:23 INFO::Css: Success!
2020-01-08 11:16:23 INFO::Calculating 3 compartment steady state Css values for 35958-30-6
2020-01-08 11:16:23 INFO::Css: Success!
2020-01-08 11:16:23 INFO::Calculating 3 compartment steady state Css values for 36443-68-2
2020-01-08 11:16:23 INFO::Css: Success!
2020-01-08 11:16:23 INFO::Calculating 3 compartment steady state Css values for 41484-35-9
2020-01-08 11:16:23 INFO::Css: Success!
2020-01-08 11:16:23 INFO::Calculating 3 compartment steady state Css values for 140-10-3
2020-01-08 11:16:23 INFO::Css: Success!
2020-01-08 11:16:23 INFO::Calculating 3 compartment steady state Css values for 93-89-0
2020-01-08 11:16:23 INFO::Css: Success!
2020-01-08 11:16:23 INFO::Calculating 3 compartment steady state Css values for 4712-55-4
2020-01-08 11:16:23 INFO::Css: Success!
2020-01-08 11:16:23 INFO::Calculating 3 compartment steady state Css values for 126-00-1
2020-01-08 11:16:23 INFO::Css: Success!
2020-01-08 11:16:23 INFO::Calculating 3 compartment steady state Css values for 78-40-0
2020-01-08 11:16:23 INFO::Css: Success!
2020-01-08 11:16:23 INFO::Calculating 3 compartment steady state Css values for 27193-86-8
2020-01-08 11:16:23 INFO::Css: Success!
2020-01-08 11:16:23 INFO::Calculating 3 compartment steady state Css values for 29385-43-1
2020-01-08 11:16:23 INFO::Css: Success!
2020-01-08 11:16:23 INFO::Calculating 3 compartment steady state Css values for *57-11-04
2020-01-08 11:16:23 WARNING::No 3compss model data is available for *57-11-04. Results are NA.
2020-01-08 11:16:23 INFO::Calculating 3 compartment steady state Css values for 80-46-6
2020-01-08 11:16:23 INFO::Css: Success!
2020-01-08 11:16:23 INFO::Calculating 3 compartment steady state Css values for *80-09-01
2020-01-08 11:16:23 WARNING::No 3compss model data is available for *80-09-01. Results are NA.
2020-01-08 11:16:23 INFO::Calculating 3 compartment steady state Css values for 620-92-8
2020-01-08 11:16:23 INFO::Css: Success!
2020-01-08 11:16:23 INFO::Calculating 3 compartment steady state Css values for 1638-22-8
2020-01-08 11:16:23 INFO::Css: Success!
2020-01-08 11:16:23 INFO::Calculating 3 compartment steady state Css values for 97-00-7
2020-01-08 11:16:23 INFO::Css: Success!
2020-01-08 11:16:23 INFO::Calculating 3 compartment steady state Css values for 99-71-8
2020-01-08 11:16:23 INFO::Css: Success!
2020-01-08 11:16:23 INFO::Calculating 3 compartment steady state Css values for 64-19-7
2020-01-08 11:16:23 INFO::Css: Success!
2020-01-08 11:16:23 INFO::Calculating 3 compartment steady state Css values for 71-23-8
2020-01-08 11:16:23 INFO::Css: Success!
2020-01-08 11:16:23 INFO::Calculating 3 compartment steady state Css values for 96-23-1
2020-01-08 11:16:23 INFO::Css: Success!
2020-01-08 11:16:23 INFO::Calculating 3 compartment steady state Css values for 104-76-7
2020-01-08 11:16:23 INFO::Css: Success!
2020-01-08 11:16:23 INFO::Calculating 3 compartment steady state Css values for 107-18-6
2020-01-08 11:16:23 INFO::Css: Success!
2020-01-08 11:16:23 INFO::Calculating 3 compartment steady state Css values for 108-11-2
2020-01-08 11:16:23 INFO::Css: Success!
2020-01-08 11:16:23 INFO::Calculating 3 compartment steady state Css values for 108-93-0
2020-01-08 11:16:23 INFO::Css: Success!
2020-01-08 11:16:23 INFO::Calculating 3 compartment steady state Css values for 111-27-3
2020-01-08 11:16:23 INFO::Css: Success!
2020-01-08 11:16:23 INFO::Calculating 3 compartment steady state Css values for 111-87-5
2020-01-08 11:16:23 INFO::Css: Success!
2020-01-08 11:16:23 INFO::Calculating 3 compartment steady state Css values for 112-30-1
2020-01-08 11:16:23 INFO::Css: Success!
2020-01-08 11:16:23 INFO::Calculating 3 compartment steady state Css values for 112-53-8
2020-01-08 11:16:23 INFO::Css: Success!
2020-01-08 11:16:23 INFO::Calculating 3 compartment steady state Css values for 143-08-8
2020-01-08 11:16:23 INFO::Css: Success!
2020-01-08 11:16:23 INFO::Calculating 3 compartment steady state Css values for 124-13-0
2020-01-08 11:16:23 INFO::Css: Success!
2020-01-08 11:16:23 INFO::Calculating 3 compartment steady state Css values for 124-19-6
2020-01-08 11:16:23 INFO::Css: Success!
2020-01-08 11:16:23 INFO::Calculating 3 compartment steady state Css values for 111-40-0
2020-01-08 11:16:23 INFO::Css: Success!
2020-01-08 11:16:23 INFO::Calculating 3 compartment steady state Css values for 100-37-8
2020-01-08 11:16:24 INFO::Css: Success!
2020-01-08 11:16:24 INFO::Calculating 3 compartment steady state Css values for 102-71-6
2020-01-08 11:16:24 INFO::Css: Success!
2020-01-08 11:16:24 INFO::Calculating 3 compartment steady state Css values for 111-42-2
2020-01-08 11:16:24 INFO::Css: Success!
2020-01-08 11:16:24 INFO::Calculating 3 compartment steady state Css values for 122-20-3
2020-01-08 11:16:24 INFO::Css: Success!
2020-01-08 11:16:24 INFO::Calculating 3 compartment steady state Css values for 141-43-5
2020-01-08 11:16:24 INFO::Css: Success!
2020-01-08 11:16:24 INFO::Calculating 3 compartment steady state Css values for 90-30-2
2020-01-08 11:16:24 INFO::Css: Success!
2020-01-08 11:16:24 INFO::Calculating 3 compartment steady state Css values for 121-69-7
2020-01-08 11:16:24 INFO::Css: Success!
2020-01-08 11:16:24 INFO::Calculating 3 compartment steady state Css values for 123-77-3
2020-01-08 11:16:24 INFO::Css: Success!
2020-01-08 11:16:24 INFO::Calculating 3 compartment steady state Css values for 102-76-1
2020-01-08 11:16:24 INFO::Css: Success!
2020-01-08 11:16:24 INFO::Calculating 3 compartment steady state Css values for 577-11-7
2020-01-08 11:16:24 INFO::Css: Success!
2020-01-08 11:16:24 INFO::Calculating 3 compartment steady state Css values for 101-84-8
2020-01-08 11:16:24 INFO::Css: Success!
2020-01-08 11:16:24 INFO::Calculating 3 compartment steady state Css values for 112-38-9
2020-01-08 11:16:24 INFO::Css: Success!
2020-01-08 11:16:24 INFO::Calculating 3 compartment steady state Css values for 78-51-3
2020-01-08 11:16:24 INFO::Css: Success!
2020-01-08 11:16:24 INFO::Calculating 3 compartment steady state Css values for 298-07-7
2020-01-08 11:16:24 INFO::Css: Success!
2020-01-08 11:16:24 INFO::Calculating 3 compartment steady state Css values for 51229-78-8
2020-01-08 11:16:24 INFO::Css: Success!
2020-01-08 11:16:24 INFO::Calculating 3 compartment steady state Css values for 4098-71-9
2020-01-08 11:16:24 INFO::Css: Success!
2020-01-08 11:16:24 INFO::Calculating 3 compartment steady state Css values for 110-85-0
2020-01-08 11:16:24 INFO::Css: Success!
2020-01-08 11:16:24 INFO::Calculating 3 compartment steady state Css values for 57-09-0
2020-01-08 11:16:24 INFO::Css: Success!
2020-01-08 11:16:24 INFO::Calculating 3 compartment steady state Css values for 69-72-7
2020-01-08 11:16:24 INFO::Css: Success!
2020-01-08 11:16:24 INFO::Calculating 3 compartment steady state Css values for 80-54-6
2020-01-08 11:16:24 INFO::Css: Success!
2020-01-08 11:16:24 INFO::Calculating 3 compartment steady state Css values for 80-56-8
2020-01-08 11:16:24 INFO::Css: Success!
2020-01-08 11:16:24 INFO::Calculating 3 compartment steady state Css values for 61-82-5
2020-01-08 11:16:24 INFO::Css: Success!
2020-01-08 11:16:24 INFO::Calculating 3 compartment steady state Css values for 68631-49-2
2020-01-08 11:16:24 INFO::Css: Success!
2020-01-08 11:16:24 INFO::Calculating 3 compartment steady state Css values for 5436-43-1
2020-01-08 11:16:24 INFO::Css: Success!
2020-01-08 11:16:24 INFO::Calculating 3 compartment steady state Css values for 60348-60-9
2020-01-08 11:16:24 INFO::Css: Success!
2020-01-08 11:16:24 INFO::Calculating 3 compartment steady state Css values for 27178-16-1
2020-01-08 11:16:24 INFO::Css: Success!
2020-01-08 11:16:24 INFO::Calculating 3 compartment steady state Css values for 28553-12-0
2020-01-08 11:16:24 INFO::Css: Success!
2020-01-08 11:16:24 INFO::Calculating 3 compartment steady state Css values for 838-85-7
2020-01-08 11:16:24 INFO::Css: Success!
2020-01-08 11:16:24 INFO::Calculating 3 compartment steady state Css values for 307-24-4
2020-01-08 11:16:24 INFO::Css: Success!
2020-01-08 11:16:24 INFO::Calculating 3 compartment steady state Css values for 375-95-1
2020-01-08 11:16:24 INFO::Css: Success!
2020-01-08 11:16:24 INFO::Calculating 3 compartment steady state Css values for 13674-84-5
2020-01-08 11:16:24 INFO::Css: Success!
2020-01-08 11:16:24 INFO::Calculating 3 compartment steady state Css values for 1330-78-5
2020-01-08 11:16:24 INFO::Css: Success!
2020-01-08 11:16:24 INFO::Calculating 3 compartment steady state Css values for 78-42-2
2020-01-08 11:16:24 INFO::Css: Success!
2020-01-08 11:16:24 INFO::Calculating 3 compartment steady state Css values for 41481-66-7
2020-01-08 11:16:24 INFO::Css: Success!
2020-01-08 11:16:24 INFO::Calculating 3 compartment steady state Css values for 563-04-2
2020-01-08 11:16:24 INFO::Css: Success!
2020-01-08 11:16:24 INFO::Calculating 3 compartment steady state Css values for 78-30-8
2020-01-08 11:16:24 INFO::Css: Success!
2020-01-08 11:16:24 INFO::Calculating 3 compartment steady state Css values for 99-57-0
2020-01-08 11:16:24 INFO::Css: Success!
2020-01-08 11:16:24 INFO::Calculating 3 compartment steady state Css values for 404-86-4
2020-01-08 11:16:24 INFO::Css: Success!
2020-01-08 11:16:24 INFO::Calculating 3 compartment steady state Css values for 61702-44-1
2020-01-08 11:16:24 INFO::Css: Success!
2020-01-08 11:16:24 INFO::Calculating 3 compartment steady state Css values for 97-18-7
2020-01-08 11:16:24 INFO::Css: Success!
2020-01-08 11:16:24 INFO::Calculating 3 compartment steady state Css values for 85-70-1
2020-01-08 11:16:24 INFO::Css: Success!
2020-01-08 11:16:24 INFO::Calculating 3 compartment steady state Css values for 6358-53-8
2020-01-08 11:16:24 INFO::Css: Success!
2020-01-08 11:16:24 INFO::Calculating 3 compartment steady state Css values for 145-13-1
2020-01-08 11:16:24 INFO::Css: Success!
2020-01-08 11:16:24 INFO::Calculating 3 compartment steady state Css values for 141-86-6
2020-01-08 11:16:24 INFO::Css: Success!
2020-01-08 11:16:24 INFO::Calculating 3 compartment steady state Css values for 56038-13-2
2020-01-08 11:16:24 INFO::Css: Success!
2020-01-08 11:16:24 INFO::Calculating 3 compartment steady state Css values for 148-01-6
2020-01-08 11:16:24 INFO::Css: Success!
2020-01-08 11:16:24 INFO::Calculating 3 compartment steady state Css values for 118-60-5
2020-01-08 11:16:24 INFO::Css: Success!
2020-01-08 11:16:24 INFO::Calculating 3 compartment steady state Css values for 131-53-3
2020-01-08 11:16:24 INFO::Css: Success!
2020-01-08 11:16:24 INFO::Calculating 3 compartment steady state Css values for 65405-77-8
2020-01-08 11:16:24 INFO::Css: Success!
2020-01-08 11:16:24 INFO::Calculating 3 compartment steady state Css values for 5466-77-3
2020-01-08 11:16:24 INFO::Css: Success!
2020-01-08 11:16:24 INFO::Calculating 3 compartment steady state Css values for 50-32-8
2020-01-08 11:16:24 INFO::Css: Success!
2020-01-08 11:16:24 INFO::Calculating 3 compartment steady state Css values for 117-82-8
2020-01-08 11:16:24 INFO::Css: Success!
2020-01-08 11:16:24 INFO::Calculating 3 compartment steady state Css values for 123-91-1
2020-01-08 11:16:24 INFO::Css: Success!
2020-01-08 11:16:24 INFO::Calculating 3 compartment steady state Css values for 127-19-5
2020-01-08 11:16:24 INFO::Css: Success!
2020-01-08 11:16:24 INFO::Calculating 3 compartment steady state Css values for 149-57-5
2020-01-08 11:16:24 INFO::Css: Success!
2020-01-08 11:16:24 INFO::Calculating 3 compartment steady state Css values for 25013-16-5
2020-01-08 11:16:24 INFO::Css: Success!
2020-01-08 11:16:24 INFO::Calculating 3 compartment steady state Css values for 53-19-0
2020-01-08 11:16:24 INFO::Css: Success!
2020-01-08 11:16:24 INFO::Calculating 3 compartment steady state Css values for 88-72-2
2020-01-08 11:16:24 INFO::Css: Success!
2020-01-08 11:16:24 INFO::Calculating 3 compartment steady state Css values for 98-01-1
2020-01-08 11:16:24 INFO::Css: Success!
2020-01-08 11:16:24 INFO::Calculating 3 compartment steady state Css values for 88-12-0
2020-01-08 11:16:24 INFO::Css: Success!
2020-01-08 11:16:24 INFO::Calculating 3 compartment steady state Css values for 58-89-9
2020-01-08 11:16:24 INFO::Css: Success!
2020-01-08 11:16:24 INFO::Calculating 3 compartment steady state Css values for 96-29-7
2020-01-08 11:16:24 INFO::Css: Success!
2020-01-08 11:16:24 INFO::Calculating 3 compartment steady state Css values for 106-89-8
2020-01-08 11:16:24 INFO::Css: Success!
2020-01-08 11:16:24 INFO::Calculating 3 compartment steady state Css values for 107-05-1
2020-01-08 11:16:24 INFO::Css: Success!
2020-01-08 11:16:24 INFO::Calculating 3 compartment steady state Css values for 107-22-2
2020-01-08 11:16:24 INFO::Css: Success!
2020-01-08 11:16:24 INFO::Calculating 3 compartment steady state Css values for 107-51-7
2020-01-08 11:16:24 INFO::Css: Success!
2020-01-08 11:16:24 INFO::Calculating 3 compartment steady state Css values for *594-04-7
2020-01-08 11:16:24 WARNING::No 3compss model data is available for *594-04-7. Results are NA.
2020-01-08 11:16:24 INFO::Calculating 3 compartment steady state Css values for *34970-00-8
2020-01-08 11:16:24 WARNING::No 3compss model data is available for *34970-00-8. Results are NA.
2020-01-08 11:16:24 INFO::Calculating 3 compartment steady state Css values for *593-94-2
2020-01-08 11:16:24 WARNING::No 3compss model data is available for *593-94-2. Results are NA.
2020-01-08 11:16:24 INFO::Calculating 3 compartment steady state Css values for *638-73-3
2020-01-08 11:16:24 WARNING::No 3compss model data is available for *638-73-3. Results are NA.
2020-01-08 11:16:24 INFO::Calculating 3 compartment steady state Css values for *557-95-9
2020-01-08 11:16:24 WARNING::No 3compss model data is available for *557-95-9. Results are NA.
2020-01-08 11:16:24 INFO::Calculating 3 compartment steady state Css values for 75-47-8
2020-01-08 11:16:24 INFO::Css: Success!
2020-01-08 11:16:24 INFO::Calculating 3 compartment steady state Css values for *71815-43-5
2020-01-08 11:16:24 WARNING::No 3compss model data is available for *71815-43-5. Results are NA.
2020-01-08 11:16:24 INFO::Calculating 3 compartment steady state Css values for *53715-09-6
2020-01-08 11:16:24 WARNING::No 3compss model data is available for *53715-09-6. Results are NA.
2020-01-08 11:16:24 INFO::Calculating 3 compartment steady state Css values for *598-89-0
2020-01-08 11:16:24 WARNING::No 3compss model data is available for *598-89-0. Results are NA.
2020-01-08 11:16:24 INFO::Calculating 3 compartment steady state Css values for *64-69-7
2020-01-08 11:16:24 WARNING::No 3compss model data is available for *64-69-7. Results are NA.
2020-01-08 11:16:24 INFO::Calculating 3 compartment steady state Css values for 75-27-4
2020-01-08 11:16:24 INFO::Css: Success!
2020-01-08 11:16:24 INFO::Calculating Oral Equivalent Doses for 110-71-4
2020-01-08 11:16:24 WARNING::LocalModel.OED1storder$getAc50FromChemical(): Ac50 values below cutoff were ignored. 
                OED for these assays will be NA.
2020-01-08 11:16:24 INFO::110-71-4: OED values calculated and saved to oed.1storder. 7 values saved.
2020-01-08 11:16:24 INFO::Calculating Oral Equivalent Doses for 111-46-6
2020-01-08 11:16:24 WARNING::LocalModel.OED1storder$getAc50FromChemical(): Ac50 values below cutoff were ignored. 
                OED for these assays will be NA.
2020-01-08 11:16:24 INFO::111-46-6: OED values calculated and saved to oed.1storder. 1 values saved.
2020-01-08 11:16:24 INFO::Calculating Oral Equivalent Doses for 111-90-0
2020-01-08 11:16:24 WARNING::LocalModel.OED1storder$getAc50FromChemical(): Ac50 values below cutoff were ignored. 
                OED for these assays will be NA.
2020-01-08 11:16:24 INFO::111-90-0: OED values calculated and saved to oed.1storder. 3 values saved.
2020-01-08 11:16:24 INFO::Calculating Oral Equivalent Doses for 111-96-6
2020-01-08 11:16:24 WARNING::LocalModel.OED1storder$getAc50FromChemical(): Ac50 values below cutoff were ignored. 
                OED for these assays will be NA.
2020-01-08 11:16:24 INFO::111-96-6: OED values calculated and saved to oed.1storder. 2 values saved.
2020-01-08 11:16:24 INFO::Calculating Oral Equivalent Doses for 112-07-2
2020-01-08 11:16:24 WARNING::LocalModel.OED1storder$getAc50FromChemical(): Ac50 values below cutoff were ignored. 
                OED for these assays will be NA.
2020-01-08 11:16:24 INFO::112-07-2: OED values calculated and saved to oed.1storder. 3 values saved.
2020-01-08 11:16:24 INFO::Calculating Oral Equivalent Doses for 112-27-6
2020-01-08 11:16:24 WARNING::LocalModel.OED1storder$getAc50FromChemical(): Ac50 values below cutoff were ignored. 
                OED for these assays will be NA.
2020-01-08 11:16:24 INFO::112-27-6: OED values calculated and saved to oed.1storder. 6 values saved.
2020-01-08 11:16:24 INFO::Calculating Oral Equivalent Doses for 112-34-5
2020-01-08 11:16:24 WARNING::LocalModel.OED1storder$getAc50FromChemical(): Ac50 values below cutoff were ignored. 
                OED for these assays will be NA.
2020-01-08 11:16:24 INFO::112-34-5: OED values calculated and saved to oed.1storder. 1 values saved.
2020-01-08 11:16:24 INFO::Calculating Oral Equivalent Doses for 112-49-2
2020-01-08 11:16:24 WARNING::LocalModel.OED1storder$getAc50FromChemical(): Ac50 values below cutoff were ignored. 
                OED for these assays will be NA.
2020-01-08 11:16:24 WARNING::No above-threshold activity data is available for 112-49-2. Results are NA.
2020-01-08 11:16:24 INFO::Calculating Oral Equivalent Doses for 112-60-7
2020-01-08 11:16:24 WARNING::LocalModel.OED1storder$getAc50FromChemical(): Ac50 values below cutoff were ignored. 
                OED for these assays will be NA.
2020-01-08 11:16:24 INFO::112-60-7: OED values calculated and saved to oed.1storder. 6 values saved.
2020-01-08 11:16:24 INFO::Calculating Oral Equivalent Doses for 79-74-3
2020-01-08 11:16:24 WARNING::LocalModel.OED1storder$getAc50FromChemical(): Ac50 values below cutoff were ignored. 
                OED for these assays will be NA.
2020-01-08 11:16:24 INFO::79-74-3: OED values calculated and saved to oed.1storder. 73 values saved.
2020-01-08 11:16:24 INFO::Calculating Oral Equivalent Doses for 88-58-4
2020-01-08 11:16:24 WARNING::LocalModel.OED1storder$getAc50FromChemical(): Ac50 values below cutoff were ignored. 
                OED for these assays will be NA.
2020-01-08 11:16:24 INFO::88-58-4: OED values calculated and saved to oed.1storder. 135 values saved.
2020-01-08 11:16:24 INFO::Calculating Oral Equivalent Doses for 96-76-4
2020-01-08 11:16:24 WARNING::LocalModel.OED1storder$getAc50FromChemical(): Ac50 values below cutoff were ignored. 
                OED for these assays will be NA.
2020-01-08 11:16:24 INFO::96-76-4: OED values calculated and saved to oed.1storder. 190 values saved.
2020-01-08 11:16:24 INFO::Calculating Oral Equivalent Doses for 98-54-4
2020-01-08 11:16:24 WARNING::LocalModel.OED1storder$getAc50FromChemical(): Ac50 values below cutoff were ignored. 
                OED for these assays will be NA.
2020-01-08 11:16:24 INFO::98-54-4: OED values calculated and saved to oed.1storder. 36 values saved.
2020-01-08 11:16:24 INFO::Calculating Oral Equivalent Doses for 118-82-1
2020-01-08 11:16:24 WARNING::LocalModel.OED1storder$getAc50FromChemical(): Ac50 values below cutoff were ignored. 
                OED for these assays will be NA.
2020-01-08 11:16:24 INFO::118-82-1: OED values calculated and saved to oed.1storder. 7 values saved.
2020-01-08 11:16:24 INFO::Calculating Oral Equivalent Doses for 128-37-0
2020-01-08 11:16:24 WARNING::LocalModel.OED1storder$getAc50FromChemical(): Ac50 values below cutoff were ignored. 
                OED for these assays will be NA.
2020-01-08 11:16:24 INFO::128-37-0: OED values calculated and saved to oed.1storder. 31 values saved.
2020-01-08 11:16:24 INFO::Calculating Oral Equivalent Doses for 128-39-2
2020-01-08 11:16:24 WARNING::LocalModel.OED1storder$getAc50FromChemical(): Ac50 values below cutoff were ignored. 
                OED for these assays will be NA.
2020-01-08 11:16:24 INFO::128-39-2: OED values calculated and saved to oed.1storder. 54 values saved.
2020-01-08 11:16:24 INFO::Calculating Oral Equivalent Doses for 6683-19-8
2020-01-08 11:16:24 WARNING::LocalModel.OED1storder$getAc50FromChemical(): Ac50 values below cutoff were ignored. 
                OED for these assays will be NA.
2020-01-08 11:16:24 INFO::6683-19-8: OED values calculated and saved to oed.1storder. 6 values saved.
2020-01-08 11:16:24 INFO::Calculating Oral Equivalent Doses for 35958-30-6
2020-01-08 11:16:24 WARNING::LocalModel.OED1storder$getAc50FromChemical(): Ac50 values below cutoff were ignored. 
                OED for these assays will be NA.
2020-01-08 11:16:24 INFO::35958-30-6: OED values calculated and saved to oed.1storder. 12 values saved.
2020-01-08 11:16:24 INFO::Calculating Oral Equivalent Doses for 36443-68-2
2020-01-08 11:16:24 WARNING::LocalModel.OED1storder$getAc50FromChemical(): Ac50 values below cutoff were ignored. 
                OED for these assays will be NA.
2020-01-08 11:16:24 INFO::36443-68-2: OED values calculated and saved to oed.1storder. 29 values saved.
2020-01-08 11:16:24 INFO::Calculating Oral Equivalent Doses for 41484-35-9
2020-01-08 11:16:24 WARNING::LocalModel.OED1storder$getAc50FromChemical(): Ac50 values below cutoff were ignored. 
                OED for these assays will be NA.
2020-01-08 11:16:24 WARNING::No above-threshold activity data is available for 41484-35-9. Results are NA.
2020-01-08 11:16:24 INFO::Calculating Oral Equivalent Doses for 140-10-3
2020-01-08 11:16:24 WARNING::LocalModel.OED1storder$getAc50FromChemical(): Ac50 values below cutoff were ignored. 
                OED for these assays will be NA.
2020-01-08 11:16:24 INFO::140-10-3: OED values calculated and saved to oed.1storder. 7 values saved.
2020-01-08 11:16:24 INFO::Calculating Oral Equivalent Doses for 93-89-0
2020-01-08 11:16:24 WARNING::LocalModel.OED1storder$getAc50FromChemical(): Ac50 values below cutoff were ignored. 
                OED for these assays will be NA.
2020-01-08 11:16:24 INFO::93-89-0: OED values calculated and saved to oed.1storder. 3 values saved.
2020-01-08 11:16:24 INFO::Calculating Oral Equivalent Doses for 4712-55-4
2020-01-08 11:16:24 WARNING::LocalModel.OED1storder$getAc50FromChemical(): Ac50 values below cutoff were ignored. 
                OED for these assays will be NA.
2020-01-08 11:16:24 INFO::4712-55-4: OED values calculated and saved to oed.1storder. 8 values saved.
2020-01-08 11:16:24 INFO::Calculating Oral Equivalent Doses for 126-00-1
2020-01-08 11:16:24 WARNING::LocalModel.OED1storder$getAc50FromChemical(): Ac50 values below cutoff were ignored. 
                OED for these assays will be NA.
2020-01-08 11:16:24 INFO::126-00-1: OED values calculated and saved to oed.1storder. 21 values saved.
2020-01-08 11:16:24 INFO::Calculating Oral Equivalent Doses for 78-40-0
2020-01-08 11:16:24 WARNING::LocalModel.OED1storder$getAc50FromChemical(): Ac50 values below cutoff were ignored. 
                OED for these assays will be NA.
2020-01-08 11:16:24 INFO::78-40-0: OED values calculated and saved to oed.1storder. 11 values saved.
2020-01-08 11:16:24 INFO::Calculating Oral Equivalent Doses for 27193-86-8
2020-01-08 11:16:24 WARNING::LocalModel.OED1storder$getAc50FromChemical(): Ac50 values below cutoff were ignored. 
                OED for these assays will be NA.
2020-01-08 11:16:24 INFO::27193-86-8: OED values calculated and saved to oed.1storder. 135 values saved.
2020-01-08 11:16:24 INFO::Calculating Oral Equivalent Doses for 29385-43-1
2020-01-08 11:16:24 WARNING::LocalModel.OED1storder$getAc50FromChemical(): Ac50 values below cutoff were ignored. 
                OED for these assays will be NA.
2020-01-08 11:16:24 INFO::29385-43-1: OED values calculated and saved to oed.1storder. 3 values saved.
2020-01-08 11:16:24 INFO::Calculating Oral Equivalent Doses for *57-11-04
2020-01-08 11:16:24 WARNING::No above-threshold activity data is available for *57-11-04. Results are NA.
2020-01-08 11:16:24 INFO::Calculating Oral Equivalent Doses for 80-46-6
2020-01-08 11:16:24 WARNING::LocalModel.OED1storder$getAc50FromChemical(): Ac50 values below cutoff were ignored. 
                OED for these assays will be NA.
2020-01-08 11:16:24 INFO::80-46-6: OED values calculated and saved to oed.1storder. 71 values saved.
2020-01-08 11:16:24 INFO::Calculating Oral Equivalent Doses for *80-09-01
2020-01-08 11:16:24 WARNING::No above-threshold activity data is available for *80-09-01. Results are NA.
2020-01-08 11:16:24 INFO::Calculating Oral Equivalent Doses for 620-92-8
2020-01-08 11:16:24 WARNING::LocalModel.OED1storder$getAc50FromChemical(): Ac50 values below cutoff were ignored. 
                OED for these assays will be NA.
2020-01-08 11:16:24 INFO::620-92-8: OED values calculated and saved to oed.1storder. 27 values saved.
2020-01-08 11:16:24 INFO::Calculating Oral Equivalent Doses for 1638-22-8
2020-01-08 11:16:24 WARNING::LocalModel.OED1storder$getAc50FromChemical(): Ac50 values below cutoff were ignored. 
                OED for these assays will be NA.
2020-01-08 11:16:24 INFO::1638-22-8: OED values calculated and saved to oed.1storder. 35 values saved.
2020-01-08 11:16:24 INFO::Calculating Oral Equivalent Doses for 97-00-7
2020-01-08 11:16:24 WARNING::LocalModel.OED1storder$getAc50FromChemical(): Ac50 values below cutoff were ignored. 
                OED for these assays will be NA.
2020-01-08 11:16:24 INFO::97-00-7: OED values calculated and saved to oed.1storder. 133 values saved.
2020-01-08 11:16:24 INFO::Calculating Oral Equivalent Doses for 99-71-8
2020-01-08 11:16:24 WARNING::LocalModel.OED1storder$getAc50FromChemical(): Ac50 values below cutoff were ignored. 
                OED for these assays will be NA.
2020-01-08 11:16:24 INFO::99-71-8: OED values calculated and saved to oed.1storder. 37 values saved.
2020-01-08 11:16:24 INFO::Calculating Oral Equivalent Doses for 64-19-7
2020-01-08 11:16:24 WARNING::LocalModel.OED1storder$getAc50FromChemical(): Ac50 values below cutoff were ignored. 
                OED for these assays will be NA.
2020-01-08 11:16:24 INFO::64-19-7: OED values calculated and saved to oed.1storder. 13 values saved.
2020-01-08 11:16:24 INFO::Calculating Oral Equivalent Doses for 71-23-8
2020-01-08 11:16:24 WARNING::LocalModel.OED1storder$getAc50FromChemical(): Ac50 values below cutoff were ignored. 
                OED for these assays will be NA.
2020-01-08 11:16:24 WARNING::No above-threshold activity data is available for 71-23-8. Results are NA.
2020-01-08 11:16:24 INFO::Calculating Oral Equivalent Doses for 96-23-1
2020-01-08 11:16:24 WARNING::LocalModel.OED1storder$getAc50FromChemical(): Ac50 values below cutoff were ignored. 
                OED for these assays will be NA.
2020-01-08 11:16:24 INFO::96-23-1: OED values calculated and saved to oed.1storder. 3 values saved.
2020-01-08 11:16:24 INFO::Calculating Oral Equivalent Doses for 104-76-7
2020-01-08 11:16:24 WARNING::LocalModel.OED1storder$getAc50FromChemical(): Ac50 values below cutoff were ignored. 
                OED for these assays will be NA.
2020-01-08 11:16:24 INFO::104-76-7: OED values calculated and saved to oed.1storder. 1 values saved.
2020-01-08 11:16:24 INFO::Calculating Oral Equivalent Doses for 107-18-6
2020-01-08 11:16:24 WARNING::LocalModel.OED1storder$getAc50FromChemical(): Ac50 values below cutoff were ignored. 
                OED for these assays will be NA.
2020-01-08 11:16:24 INFO::107-18-6: OED values calculated and saved to oed.1storder. 13 values saved.
2020-01-08 11:16:24 INFO::Calculating Oral Equivalent Doses for 108-11-2
2020-01-08 11:16:24 WARNING::LocalModel.OED1storder$getAc50FromChemical(): Ac50 values below cutoff were ignored. 
                OED for these assays will be NA.
2020-01-08 11:16:24 INFO::108-11-2: OED values calculated and saved to oed.1storder. 6 values saved.
2020-01-08 11:16:24 INFO::Calculating Oral Equivalent Doses for 108-93-0
2020-01-08 11:16:24 WARNING::LocalModel.OED1storder$getAc50FromChemical(): Ac50 values below cutoff were ignored. 
                OED for these assays will be NA.
2020-01-08 11:16:24 INFO::108-93-0: OED values calculated and saved to oed.1storder. 3 values saved.
2020-01-08 11:16:24 INFO::Calculating Oral Equivalent Doses for 111-27-3
2020-01-08 11:16:24 WARNING::LocalModel.OED1storder$getAc50FromChemical(): Ac50 values below cutoff were ignored. 
                OED for these assays will be NA.
2020-01-08 11:16:24 WARNING::No above-threshold activity data is available for 111-27-3. Results are NA.
2020-01-08 11:16:24 INFO::Calculating Oral Equivalent Doses for 111-87-5
2020-01-08 11:16:24 WARNING::LocalModel.OED1storder$getAc50FromChemical(): Ac50 values below cutoff were ignored. 
                OED for these assays will be NA.
2020-01-08 11:16:24 INFO::111-87-5: OED values calculated and saved to oed.1storder. 1 values saved.
2020-01-08 11:16:24 INFO::Calculating Oral Equivalent Doses for 112-30-1
2020-01-08 11:16:24 WARNING::LocalModel.OED1storder$getAc50FromChemical(): Ac50 values below cutoff were ignored. 
                OED for these assays will be NA.
2020-01-08 11:16:24 INFO::112-30-1: OED values calculated and saved to oed.1storder. 11 values saved.
2020-01-08 11:16:24 INFO::Calculating Oral Equivalent Doses for 112-53-8
2020-01-08 11:16:24 WARNING::LocalModel.OED1storder$getAc50FromChemical(): Ac50 values below cutoff were ignored. 
                OED for these assays will be NA.
2020-01-08 11:16:24 INFO::112-53-8: OED values calculated and saved to oed.1storder. 75 values saved.
2020-01-08 11:16:24 INFO::Calculating Oral Equivalent Doses for 143-08-8
2020-01-08 11:16:24 WARNING::LocalModel.OED1storder$getAc50FromChemical(): Ac50 values below cutoff were ignored. 
                OED for these assays will be NA.
2020-01-08 11:16:24 INFO::143-08-8: OED values calculated and saved to oed.1storder. 1 values saved.
2020-01-08 11:16:24 INFO::Calculating Oral Equivalent Doses for 124-13-0
2020-01-08 11:16:24 WARNING::LocalModel.OED1storder$getAc50FromChemical(): Ac50 values below cutoff were ignored. 
                OED for these assays will be NA.
2020-01-08 11:16:24 INFO::124-13-0: OED values calculated and saved to oed.1storder. 5 values saved.
2020-01-08 11:16:24 INFO::Calculating Oral Equivalent Doses for 124-19-6
2020-01-08 11:16:24 WARNING::LocalModel.OED1storder$getAc50FromChemical(): Ac50 values below cutoff were ignored. 
                OED for these assays will be NA.
2020-01-08 11:16:24 INFO::124-19-6: OED values calculated and saved to oed.1storder. 5 values saved.
2020-01-08 11:16:24 INFO::Calculating Oral Equivalent Doses for 111-40-0
2020-01-08 11:16:24 WARNING::LocalModel.OED1storder$getAc50FromChemical(): Ac50 values below cutoff were ignored. 
                OED for these assays will be NA.
2020-01-08 11:16:24 INFO::111-40-0: OED values calculated and saved to oed.1storder. 3 values saved.
2020-01-08 11:16:24 INFO::Calculating Oral Equivalent Doses for 100-37-8
2020-01-08 11:16:24 WARNING::LocalModel.OED1storder$getAc50FromChemical(): Ac50 values below cutoff were ignored. 
                OED for these assays will be NA.
2020-01-08 11:16:24 INFO::100-37-8: OED values calculated and saved to oed.1storder. 1 values saved.
2020-01-08 11:16:24 INFO::Calculating Oral Equivalent Doses for 102-71-6
2020-01-08 11:16:24 WARNING::LocalModel.OED1storder$getAc50FromChemical(): Ac50 values below cutoff were ignored. 
                OED for these assays will be NA.
2020-01-08 11:16:24 INFO::102-71-6: OED values calculated and saved to oed.1storder. 2 values saved.
2020-01-08 11:16:24 INFO::Calculating Oral Equivalent Doses for 111-42-2
2020-01-08 11:16:24 WARNING::LocalModel.OED1storder$getAc50FromChemical(): Ac50 values below cutoff were ignored. 
                OED for these assays will be NA.
2020-01-08 11:16:24 INFO::111-42-2: OED values calculated and saved to oed.1storder. 7 values saved.
2020-01-08 11:16:24 INFO::Calculating Oral Equivalent Doses for 122-20-3
2020-01-08 11:16:24 WARNING::LocalModel.OED1storder$getAc50FromChemical(): Ac50 values below cutoff were ignored. 
                OED for these assays will be NA.
2020-01-08 11:16:25 INFO::122-20-3: OED values calculated and saved to oed.1storder. 1 values saved.
2020-01-08 11:16:25 INFO::Calculating Oral Equivalent Doses for 141-43-5
2020-01-08 11:16:25 WARNING::LocalModel.OED1storder$getAc50FromChemical(): Ac50 values below cutoff were ignored. 
                OED for these assays will be NA.
2020-01-08 11:16:25 INFO::141-43-5: OED values calculated and saved to oed.1storder. 2 values saved.
2020-01-08 11:16:25 INFO::Calculating Oral Equivalent Doses for 90-30-2
2020-01-08 11:16:25 WARNING::LocalModel.OED1storder$getAc50FromChemical(): Ac50 values below cutoff were ignored. 
                OED for these assays will be NA.
2020-01-08 11:16:25 INFO::90-30-2: OED values calculated and saved to oed.1storder. 98 values saved.
2020-01-08 11:16:25 INFO::Calculating Oral Equivalent Doses for 121-69-7
2020-01-08 11:16:25 WARNING::LocalModel.OED1storder$getAc50FromChemical(): Ac50 values below cutoff were ignored. 
                OED for these assays will be NA.
2020-01-08 11:16:25 INFO::121-69-7: OED values calculated and saved to oed.1storder. 3 values saved.
2020-01-08 11:16:25 INFO::Calculating Oral Equivalent Doses for 123-77-3
2020-01-08 11:16:25 WARNING::LocalModel.OED1storder$getAc50FromChemical(): Ac50 values below cutoff were ignored. 
                OED for these assays will be NA.
2020-01-08 11:16:25 INFO::123-77-3: OED values calculated and saved to oed.1storder. 5 values saved.
2020-01-08 11:16:25 INFO::Calculating Oral Equivalent Doses for 102-76-1
2020-01-08 11:16:25 WARNING::LocalModel.OED1storder$getAc50FromChemical(): Ac50 values below cutoff were ignored. 
                OED for these assays will be NA.
2020-01-08 11:16:25 INFO::102-76-1: OED values calculated and saved to oed.1storder. 3 values saved.
2020-01-08 11:16:25 INFO::Calculating Oral Equivalent Doses for 577-11-7
2020-01-08 11:16:25 WARNING::LocalModel.OED1storder$getAc50FromChemical(): Ac50 values below cutoff were ignored. 
                OED for these assays will be NA.
2020-01-08 11:16:25 INFO::577-11-7: OED values calculated and saved to oed.1storder. 199 values saved.
2020-01-08 11:16:25 INFO::Calculating Oral Equivalent Doses for 101-84-8
2020-01-08 11:16:25 WARNING::LocalModel.OED1storder$getAc50FromChemical(): Ac50 values below cutoff were ignored. 
                OED for these assays will be NA.
2020-01-08 11:16:25 INFO::101-84-8: OED values calculated and saved to oed.1storder. 23 values saved.
2020-01-08 11:16:25 INFO::Calculating Oral Equivalent Doses for 112-38-9
2020-01-08 11:16:25 WARNING::LocalModel.OED1storder$getAc50FromChemical(): Ac50 values below cutoff were ignored. 
                OED for these assays will be NA.
2020-01-08 11:16:25 INFO::112-38-9: OED values calculated and saved to oed.1storder. 12 values saved.
2020-01-08 11:16:25 INFO::Calculating Oral Equivalent Doses for 78-51-3
2020-01-08 11:16:25 WARNING::LocalModel.OED1storder$getAc50FromChemical(): Ac50 values below cutoff were ignored. 
                OED for these assays will be NA.
2020-01-08 11:16:25 INFO::78-51-3: OED values calculated and saved to oed.1storder. 21 values saved.
2020-01-08 11:16:25 INFO::Calculating Oral Equivalent Doses for 298-07-7
2020-01-08 11:16:25 WARNING::LocalModel.OED1storder$getAc50FromChemical(): Ac50 values below cutoff were ignored. 
                OED for these assays will be NA.
2020-01-08 11:16:25 INFO::298-07-7: OED values calculated and saved to oed.1storder. 73 values saved.
2020-01-08 11:16:25 INFO::Calculating Oral Equivalent Doses for 51229-78-8
2020-01-08 11:16:25 WARNING::LocalModel.OED1storder$getAc50FromChemical(): Ac50 values below cutoff were ignored. 
                OED for these assays will be NA.
2020-01-08 11:16:25 INFO::51229-78-8: OED values calculated and saved to oed.1storder. 25 values saved.
2020-01-08 11:16:25 INFO::Calculating Oral Equivalent Doses for 4098-71-9
2020-01-08 11:16:25 WARNING::LocalModel.OED1storder$getAc50FromChemical(): Ac50 values below cutoff were ignored. 
                OED for these assays will be NA.
2020-01-08 11:16:25 INFO::4098-71-9: OED values calculated and saved to oed.1storder. 5 values saved.
2020-01-08 11:16:25 INFO::Calculating Oral Equivalent Doses for 110-85-0
2020-01-08 11:16:25 WARNING::LocalModel.OED1storder$getAc50FromChemical(): Ac50 values below cutoff were ignored. 
                OED for these assays will be NA.
2020-01-08 11:16:25 INFO::110-85-0: OED values calculated and saved to oed.1storder. 13 values saved.
2020-01-08 11:16:25 INFO::Calculating Oral Equivalent Doses for 57-09-0
2020-01-08 11:16:25 WARNING::LocalModel.OED1storder$getAc50FromChemical(): Ac50 values below cutoff were ignored. 
                OED for these assays will be NA.
2020-01-08 11:16:25 INFO::57-09-0: OED values calculated and saved to oed.1storder. 141 values saved.
2020-01-08 11:16:25 INFO::Calculating Oral Equivalent Doses for 69-72-7
2020-01-08 11:16:25 WARNING::LocalModel.OED1storder$getAc50FromChemical(): Ac50 values below cutoff were ignored. 
                OED for these assays will be NA.
2020-01-08 11:16:25 INFO::69-72-7: OED values calculated and saved to oed.1storder. 2 values saved.
2020-01-08 11:16:25 INFO::Calculating Oral Equivalent Doses for 80-54-6
2020-01-08 11:16:25 WARNING::LocalModel.OED1storder$getAc50FromChemical(): Ac50 values below cutoff were ignored. 
                OED for these assays will be NA.
2020-01-08 11:16:25 INFO::80-54-6: OED values calculated and saved to oed.1storder. 46 values saved.
2020-01-08 11:16:25 INFO::Calculating Oral Equivalent Doses for 80-56-8
2020-01-08 11:16:25 WARNING::LocalModel.OED1storder$getAc50FromChemical(): Ac50 values below cutoff were ignored. 
                OED for these assays will be NA.
2020-01-08 11:16:25 INFO::80-56-8: OED values calculated and saved to oed.1storder. 1 values saved.
2020-01-08 11:16:25 INFO::Calculating Oral Equivalent Doses for 61-82-5
2020-01-08 11:16:25 WARNING::LocalModel.OED1storder$getAc50FromChemical(): Ac50 values below cutoff were ignored. 
                OED for these assays will be NA.
2020-01-08 11:16:25 INFO::61-82-5: OED values calculated and saved to oed.1storder. 1 values saved.
2020-01-08 11:16:25 INFO::Calculating Oral Equivalent Doses for 68631-49-2
2020-01-08 11:16:25 WARNING::LocalModel.OED1storder$getAc50FromChemical(): Ac50 values below cutoff were ignored. 
                OED for these assays will be NA.
2020-01-08 11:16:25 INFO::68631-49-2: OED values calculated and saved to oed.1storder. 7 values saved.
2020-01-08 11:16:25 INFO::Calculating Oral Equivalent Doses for 5436-43-1
2020-01-08 11:16:25 WARNING::LocalModel.OED1storder$getAc50FromChemical(): Ac50 values below cutoff were ignored. 
                OED for these assays will be NA.
2020-01-08 11:16:25 INFO::5436-43-1: OED values calculated and saved to oed.1storder. 17 values saved.
2020-01-08 11:16:25 INFO::Calculating Oral Equivalent Doses for 60348-60-9
2020-01-08 11:16:25 WARNING::LocalModel.OED1storder$getAc50FromChemical(): Ac50 values below cutoff were ignored. 
                OED for these assays will be NA.
2020-01-08 11:16:25 INFO::60348-60-9: OED values calculated and saved to oed.1storder. 13 values saved.
2020-01-08 11:16:25 INFO::Calculating Oral Equivalent Doses for 27178-16-1
2020-01-08 11:16:25 WARNING::LocalModel.OED1storder$getAc50FromChemical(): Ac50 values below cutoff were ignored. 
                OED for these assays will be NA.
2020-01-08 11:16:25 INFO::27178-16-1: OED values calculated and saved to oed.1storder. 9 values saved.
2020-01-08 11:16:25 INFO::Calculating Oral Equivalent Doses for 28553-12-0
2020-01-08 11:16:25 WARNING::LocalModel.OED1storder$getAc50FromChemical(): Ac50 values below cutoff were ignored. 
                OED for these assays will be NA.
2020-01-08 11:16:25 INFO::28553-12-0: OED values calculated and saved to oed.1storder. 3 values saved.
2020-01-08 11:16:25 INFO::Calculating Oral Equivalent Doses for 838-85-7
2020-01-08 11:16:25 WARNING::LocalModel.OED1storder$getAc50FromChemical(): Ac50 values below cutoff were ignored. 
                OED for these assays will be NA.
2020-01-08 11:16:25 INFO::838-85-7: OED values calculated and saved to oed.1storder. 1 values saved.
2020-01-08 11:16:25 INFO::Calculating Oral Equivalent Doses for 307-24-4
2020-01-08 11:16:25 WARNING::LocalModel.OED1storder$getAc50FromChemical(): Ac50 values below cutoff were ignored. 
                OED for these assays will be NA.
2020-01-08 11:16:25 INFO::307-24-4: OED values calculated and saved to oed.1storder. 1 values saved.
2020-01-08 11:16:25 INFO::Calculating Oral Equivalent Doses for 375-95-1
2020-01-08 11:16:25 WARNING::LocalModel.OED1storder$getAc50FromChemical(): Ac50 values below cutoff were ignored. 
                OED for these assays will be NA.
2020-01-08 11:16:25 INFO::375-95-1: OED values calculated and saved to oed.1storder. 59 values saved.
2020-01-08 11:16:25 INFO::Calculating Oral Equivalent Doses for 13674-84-5
2020-01-08 11:16:25 WARNING::LocalModel.OED1storder$getAc50FromChemical(): Ac50 values below cutoff were ignored. 
                OED for these assays will be NA.
2020-01-08 11:16:25 INFO::13674-84-5: OED values calculated and saved to oed.1storder. 8 values saved.
2020-01-08 11:16:25 INFO::Calculating Oral Equivalent Doses for 1330-78-5
2020-01-08 11:16:25 WARNING::LocalModel.OED1storder$getAc50FromChemical(): Ac50 values below cutoff were ignored. 
                OED for these assays will be NA.
2020-01-08 11:16:25 INFO::1330-78-5: OED values calculated and saved to oed.1storder. 39 values saved.
2020-01-08 11:16:25 INFO::Calculating Oral Equivalent Doses for 78-42-2
2020-01-08 11:16:25 WARNING::LocalModel.OED1storder$getAc50FromChemical(): Ac50 values below cutoff were ignored. 
                OED for these assays will be NA.
2020-01-08 11:16:25 INFO::78-42-2: OED values calculated and saved to oed.1storder. 43 values saved.
2020-01-08 11:16:25 INFO::Calculating Oral Equivalent Doses for 41481-66-7
2020-01-08 11:16:25 WARNING::LocalModel.OED1storder$getAc50FromChemical(): Ac50 values below cutoff were ignored. 
                OED for these assays will be NA.
2020-01-08 11:16:25 INFO::41481-66-7: OED values calculated and saved to oed.1storder. 198 values saved.
2020-01-08 11:16:25 INFO::Calculating Oral Equivalent Doses for 563-04-2
2020-01-08 11:16:25 WARNING::LocalModel.OED1storder$getAc50FromChemical(): Ac50 values below cutoff were ignored. 
                OED for these assays will be NA.
2020-01-08 11:16:25 INFO::563-04-2: OED values calculated and saved to oed.1storder. 11 values saved.
2020-01-08 11:16:25 INFO::Calculating Oral Equivalent Doses for 78-30-8
2020-01-08 11:16:25 WARNING::LocalModel.OED1storder$getAc50FromChemical(): Ac50 values below cutoff were ignored. 
                OED for these assays will be NA.
2020-01-08 11:16:25 INFO::78-30-8: OED values calculated and saved to oed.1storder. 107 values saved.
2020-01-08 11:16:25 INFO::Calculating Oral Equivalent Doses for 99-57-0
2020-01-08 11:16:25 WARNING::LocalModel.OED1storder$getAc50FromChemical(): Ac50 values below cutoff were ignored. 
                OED for these assays will be NA.
2020-01-08 11:16:25 INFO::99-57-0: OED values calculated and saved to oed.1storder. 22 values saved.
2020-01-08 11:16:25 INFO::Calculating Oral Equivalent Doses for 404-86-4
2020-01-08 11:16:25 WARNING::LocalModel.OED1storder$getAc50FromChemical(): Ac50 values below cutoff were ignored. 
                OED for these assays will be NA.
2020-01-08 11:16:25 INFO::404-86-4: OED values calculated and saved to oed.1storder. 19 values saved.
2020-01-08 11:16:25 INFO::Calculating Oral Equivalent Doses for 61702-44-1
2020-01-08 11:16:25 WARNING::LocalModel.OED1storder$getAc50FromChemical(): Ac50 values below cutoff were ignored. 
                OED for these assays will be NA.
2020-01-08 11:16:25 INFO::61702-44-1: OED values calculated and saved to oed.1storder. 78 values saved.
2020-01-08 11:16:25 INFO::Calculating Oral Equivalent Doses for 97-18-7
2020-01-08 11:16:25 WARNING::LocalModel.OED1storder$getAc50FromChemical(): Ac50 values below cutoff were ignored. 
                OED for these assays will be NA.
2020-01-08 11:16:25 INFO::97-18-7: OED values calculated and saved to oed.1storder. 85 values saved.
2020-01-08 11:16:25 INFO::Calculating Oral Equivalent Doses for 85-70-1
2020-01-08 11:16:25 WARNING::LocalModel.OED1storder$getAc50FromChemical(): Ac50 values below cutoff were ignored. 
                OED for these assays will be NA.
2020-01-08 11:16:25 INFO::85-70-1: OED values calculated and saved to oed.1storder. 3 values saved.
2020-01-08 11:16:25 INFO::Calculating Oral Equivalent Doses for 6358-53-8
2020-01-08 11:16:25 WARNING::LocalModel.OED1storder$getAc50FromChemical(): Ac50 values below cutoff were ignored. 
                OED for these assays will be NA.
2020-01-08 11:16:25 INFO::6358-53-8: OED values calculated and saved to oed.1storder. 66 values saved.
2020-01-08 11:16:25 INFO::Calculating Oral Equivalent Doses for 145-13-1
2020-01-08 11:16:25 WARNING::LocalModel.OED1storder$getAc50FromChemical(): Ac50 values below cutoff were ignored. 
                OED for these assays will be NA.
2020-01-08 11:16:25 INFO::145-13-1: OED values calculated and saved to oed.1storder. 11 values saved.
2020-01-08 11:16:25 INFO::Calculating Oral Equivalent Doses for 141-86-6
2020-01-08 11:16:25 WARNING::LocalModel.OED1storder$getAc50FromChemical(): Ac50 values below cutoff were ignored. 
                OED for these assays will be NA.
2020-01-08 11:16:25 INFO::141-86-6: OED values calculated and saved to oed.1storder. 3 values saved.
2020-01-08 11:16:25 INFO::Calculating Oral Equivalent Doses for 56038-13-2
2020-01-08 11:16:25 WARNING::LocalModel.OED1storder$getAc50FromChemical(): Ac50 values below cutoff were ignored. 
                OED for these assays will be NA.
2020-01-08 11:16:25 INFO::56038-13-2: OED values calculated and saved to oed.1storder. 2 values saved.
2020-01-08 11:16:25 INFO::Calculating Oral Equivalent Doses for 148-01-6
2020-01-08 11:16:25 WARNING::LocalModel.OED1storder$getAc50FromChemical(): Ac50 values below cutoff were ignored. 
                OED for these assays will be NA.
2020-01-08 11:16:25 INFO::148-01-6: OED values calculated and saved to oed.1storder. 2 values saved.
2020-01-08 11:16:25 INFO::Calculating Oral Equivalent Doses for 118-60-5
2020-01-08 11:16:25 WARNING::LocalModel.OED1storder$getAc50FromChemical(): Ac50 values below cutoff were ignored. 
                OED for these assays will be NA.
2020-01-08 11:16:25 INFO::118-60-5: OED values calculated and saved to oed.1storder. 30 values saved.
2020-01-08 11:16:25 INFO::Calculating Oral Equivalent Doses for 131-53-3
2020-01-08 11:16:25 WARNING::LocalModel.OED1storder$getAc50FromChemical(): Ac50 values below cutoff were ignored. 
                OED for these assays will be NA.
2020-01-08 11:16:25 INFO::131-53-3: OED values calculated and saved to oed.1storder. 11 values saved.
2020-01-08 11:16:25 INFO::Calculating Oral Equivalent Doses for 65405-77-8
2020-01-08 11:16:25 WARNING::LocalModel.OED1storder$getAc50FromChemical(): Ac50 values below cutoff were ignored. 
                OED for these assays will be NA.
2020-01-08 11:16:25 INFO::65405-77-8: OED values calculated and saved to oed.1storder. 72 values saved.
2020-01-08 11:16:25 INFO::Calculating Oral Equivalent Doses for 5466-77-3
2020-01-08 11:16:25 WARNING::LocalModel.OED1storder$getAc50FromChemical(): Ac50 values below cutoff were ignored. 
                OED for these assays will be NA.
2020-01-08 11:16:25 INFO::5466-77-3: OED values calculated and saved to oed.1storder. 6 values saved.
2020-01-08 11:16:25 INFO::Calculating Oral Equivalent Doses for 50-32-8
2020-01-08 11:16:25 WARNING::LocalModel.OED1storder$getAc50FromChemical(): Ac50 values below cutoff were ignored. 
                OED for these assays will be NA.
2020-01-08 11:16:25 INFO::50-32-8: OED values calculated and saved to oed.1storder. 55 values saved.
2020-01-08 11:16:25 INFO::Calculating Oral Equivalent Doses for 117-82-8
2020-01-08 11:16:25 WARNING::LocalModel.OED1storder$getAc50FromChemical(): Ac50 values below cutoff were ignored. 
                OED for these assays will be NA.
2020-01-08 11:16:25 INFO::117-82-8: OED values calculated and saved to oed.1storder. 10 values saved.
2020-01-08 11:16:25 INFO::Calculating Oral Equivalent Doses for 123-91-1
2020-01-08 11:16:25 WARNING::LocalModel.OED1storder$getAc50FromChemical(): Ac50 values below cutoff were ignored. 
                OED for these assays will be NA.
2020-01-08 11:16:25 INFO::123-91-1: OED values calculated and saved to oed.1storder. 2 values saved.
2020-01-08 11:16:25 INFO::Calculating Oral Equivalent Doses for 127-19-5
2020-01-08 11:16:25 WARNING::LocalModel.OED1storder$getAc50FromChemical(): Ac50 values below cutoff were ignored. 
                OED for these assays will be NA.
2020-01-08 11:16:25 INFO::127-19-5: OED values calculated and saved to oed.1storder. 3 values saved.
2020-01-08 11:16:25 INFO::Calculating Oral Equivalent Doses for 149-57-5
2020-01-08 11:16:25 WARNING::LocalModel.OED1storder$getAc50FromChemical(): Ac50 values below cutoff were ignored. 
                OED for these assays will be NA.
2020-01-08 11:16:25 INFO::149-57-5: OED values calculated and saved to oed.1storder. 2 values saved.
2020-01-08 11:16:25 INFO::Calculating Oral Equivalent Doses for 25013-16-5
2020-01-08 11:16:25 WARNING::LocalModel.OED1storder$getAc50FromChemical(): Ac50 values below cutoff were ignored. 
                OED for these assays will be NA.
2020-01-08 11:16:25 INFO::25013-16-5: OED values calculated and saved to oed.1storder. 10 values saved.
2020-01-08 11:16:25 INFO::Calculating Oral Equivalent Doses for 53-19-0
2020-01-08 11:16:25 WARNING::LocalModel.OED1storder$getAc50FromChemical(): Ac50 values below cutoff were ignored. 
                OED for these assays will be NA.
2020-01-08 11:16:25 INFO::53-19-0: OED values calculated and saved to oed.1storder. 90 values saved.
2020-01-08 11:16:25 INFO::Calculating Oral Equivalent Doses for 88-72-2
2020-01-08 11:16:25 WARNING::LocalModel.OED1storder$getAc50FromChemical(): Ac50 values below cutoff were ignored. 
                OED for these assays will be NA.
2020-01-08 11:16:25 INFO::88-72-2: OED values calculated and saved to oed.1storder. 5 values saved.
2020-01-08 11:16:25 INFO::Calculating Oral Equivalent Doses for 98-01-1
2020-01-08 11:16:25 WARNING::LocalModel.OED1storder$getAc50FromChemical(): Ac50 values below cutoff were ignored. 
                OED for these assays will be NA.
2020-01-08 11:16:25 INFO::98-01-1: OED values calculated and saved to oed.1storder. 3 values saved.
2020-01-08 11:16:25 INFO::Calculating Oral Equivalent Doses for 88-12-0
2020-01-08 11:16:25 WARNING::LocalModel.OED1storder$getAc50FromChemical(): Ac50 values below cutoff were ignored. 
                OED for these assays will be NA.
2020-01-08 11:16:25 INFO::88-12-0: OED values calculated and saved to oed.1storder. 5 values saved.
2020-01-08 11:16:25 INFO::Calculating Oral Equivalent Doses for 58-89-9
2020-01-08 11:16:25 WARNING::LocalModel.OED1storder$getAc50FromChemical(): Ac50 values below cutoff were ignored. 
                OED for these assays will be NA.
2020-01-08 11:16:25 INFO::58-89-9: OED values calculated and saved to oed.1storder. 29 values saved.
2020-01-08 11:16:25 INFO::Calculating Oral Equivalent Doses for 96-29-7
2020-01-08 11:16:25 WARNING::LocalModel.OED1storder$getAc50FromChemical(): Ac50 values below cutoff were ignored. 
                OED for these assays will be NA.
2020-01-08 11:16:25 INFO::96-29-7: OED values calculated and saved to oed.1storder. 1 values saved.
2020-01-08 11:16:25 INFO::Calculating Oral Equivalent Doses for 106-89-8
2020-01-08 11:16:25 WARNING::LocalModel.OED1storder$getAc50FromChemical(): Ac50 values below cutoff were ignored. 
                OED for these assays will be NA.
2020-01-08 11:16:25 INFO::106-89-8: OED values calculated and saved to oed.1storder. 1 values saved.
2020-01-08 11:16:25 INFO::Calculating Oral Equivalent Doses for 107-05-1
2020-01-08 11:16:25 WARNING::LocalModel.OED1storder$getAc50FromChemical(): Ac50 values below cutoff were ignored. 
                OED for these assays will be NA.
2020-01-08 11:16:25 INFO::107-05-1: OED values calculated and saved to oed.1storder. 2 values saved.
2020-01-08 11:16:25 INFO::Calculating Oral Equivalent Doses for 107-22-2
2020-01-08 11:16:25 WARNING::LocalModel.OED1storder$getAc50FromChemical(): Ac50 values below cutoff were ignored. 
                OED for these assays will be NA.
2020-01-08 11:16:25 INFO::107-22-2: OED values calculated and saved to oed.1storder. 6 values saved.
2020-01-08 11:16:25 INFO::Calculating Oral Equivalent Doses for 107-51-7
2020-01-08 11:16:25 WARNING::LocalModel.OED1storder$getAc50FromChemical(): Ac50 values below cutoff were ignored. 
                OED for these assays will be NA.
2020-01-08 11:16:25 INFO::107-51-7: OED values calculated and saved to oed.1storder. 2 values saved.
2020-01-08 11:16:25 INFO::Calculating Oral Equivalent Doses for *594-04-7
2020-01-08 11:16:25 WARNING::No above-threshold activity data is available for *594-04-7. Results are NA.
2020-01-08 11:16:25 INFO::Calculating Oral Equivalent Doses for *34970-00-8
2020-01-08 11:16:25 WARNING::No above-threshold activity data is available for *34970-00-8. Results are NA.
2020-01-08 11:16:25 INFO::Calculating Oral Equivalent Doses for *593-94-2
2020-01-08 11:16:25 WARNING::No above-threshold activity data is available for *593-94-2. Results are NA.
2020-01-08 11:16:25 INFO::Calculating Oral Equivalent Doses for *638-73-3
2020-01-08 11:16:25 WARNING::No above-threshold activity data is available for *638-73-3. Results are NA.
2020-01-08 11:16:25 INFO::Calculating Oral Equivalent Doses for *557-95-9
2020-01-08 11:16:25 WARNING::No above-threshold activity data is available for *557-95-9. Results are NA.
2020-01-08 11:16:25 INFO::Calculating Oral Equivalent Doses for 75-47-8
2020-01-08 11:16:25 WARNING::LocalModel.OED1storder$getAc50FromChemical(): Ac50 values below cutoff were ignored. 
                OED for these assays will be NA.
2020-01-08 11:16:25 INFO::75-47-8: OED values calculated and saved to oed.1storder. 10 values saved.
2020-01-08 11:16:25 INFO::Calculating Oral Equivalent Doses for *71815-43-5
2020-01-08 11:16:25 WARNING::No above-threshold activity data is available for *71815-43-5. Results are NA.
2020-01-08 11:16:25 INFO::Calculating Oral Equivalent Doses for *53715-09-6
2020-01-08 11:16:25 WARNING::No above-threshold activity data is available for *53715-09-6. Results are NA.
2020-01-08 11:16:25 INFO::Calculating Oral Equivalent Doses for *598-89-0
2020-01-08 11:16:25 WARNING::No above-threshold activity data is available for *598-89-0. Results are NA.
2020-01-08 11:16:25 INFO::Calculating Oral Equivalent Doses for *64-69-7
2020-01-08 11:16:25 WARNING::No above-threshold activity data is available for *64-69-7. Results are NA.
2020-01-08 11:16:25 INFO::Calculating Oral Equivalent Doses for 75-27-4
2020-01-08 11:16:25 WARNING::LocalModel.OED1storder$getAc50FromChemical(): Ac50 values below cutoff were ignored. 
                OED for these assays will be NA.
2020-01-08 11:16:25 INFO::75-27-4: OED values calculated and saved to oed.1storder. 1 values saved.
2020-01-08 11:16:25 DEBUG::Chemical list selection warning:simpleWarning in min(valid_oed, na.rm = TRUE): no non-missing arguments to min; returning Inf
2020-01-08 11:16:25 DEBUG::Chemical list selection warning:simpleWarning in min(valid_oed, na.rm = TRUE): no non-missing arguments to min; returning Inf
2020-01-08 11:16:25 DEBUG::Chemical list selection warning:simpleWarning in min(valid_oed, na.rm = TRUE): no non-missing arguments to min; returning Inf
2020-01-08 11:16:25 DEBUG::Chemical list selection warning:simpleWarning in min(valid_oed, na.rm = TRUE): no non-missing arguments to min; returning Inf
2020-01-08 11:16:26 DEBUG::calculateMinAc50() warning:simpleWarning in min(valid_ac50$ac50, na.rm = TRUE): no non-missing arguments to min; returning Inf
2020-01-08 11:16:26 WARNING::dataimporter.dreamtk.3compss$resetModelData(): data reset and unlocked. $loadModelData() is now functional.
2020-01-08 11:16:26 WARNING::dataimporter.dreamtk.fubpolynomial$resetModelData(): data reset and unlocked. $loadModelData() is now functional.
2020-01-08 11:16:26 WARNING::ChemicalManager$getListOfChemicalsByName(): No character vector for names provided. Empty list returned!
2020-01-08 11:16:26 WARNING::ChemicalManager$getListOfChemicals(): No character vector for casn provided. Empty list returned!
2020-01-08 11:16:28 DEBUG::11 chemicals removed
2020-01-08 11:16:36 INFO::Stats: Building main analysis tables.
2020-01-08 11:16:36 DEBUG::No assay information found for 75-27-4
2020-01-08 11:16:36 INFO::Stats: Adding OED analysis to tables.
2020-01-08 11:16:37 INFO::Stats: Computing target family stats.
